2013-03-31 14:51:39,865 INFO [main] c.k.p.f.l.StartupListener [StartupListener.java:94] Pragmatach configuration loaded from class 'com.khubla.pragmatach.framework.configuration.PropertiesFileConfigurationImpl'
2013-03-31 14:51:40,455 INFO [main] c.k.p.f.c.ControllerClasses [ControllerClasses.java:43] Found controller 'com.khubla.pragmatach.plugin.adminapp.AdminUserController'
2013-03-31 14:51:40,455 INFO [main] c.k.p.f.c.ControllerClasses [ControllerClasses.java:43] Found controller 'com.khubla.pragmatach.plugin.adminapp.ShowRouteCacheController'
2013-03-31 14:51:40,455 INFO [main] c.k.p.f.c.ControllerClasses [ControllerClasses.java:43] Found controller 'com.khubla.pragmatach.plugin.adminapp.BaseAdminController'
2013-03-31 14:51:40,456 INFO [main] c.k.p.f.c.ControllerClasses [ControllerClasses.java:43] Found controller 'com.khubla.pragmatach.plugin.adminapp.ShowCookiesController'
2013-03-31 14:51:40,456 INFO [main] c.k.p.f.c.ControllerClasses [ControllerClasses.java:43] Found controller 'com.khubla.pragmatach.plugin.adminapp.ShowControllersController'
2013-03-31 14:51:40,456 INFO [main] c.k.p.f.c.ControllerClasses [ControllerClasses.java:43] Found controller 'com.khubla.pragmatach.plugin.adminapp.ShowI8NController'
2013-03-31 14:51:40,456 INFO [main] c.k.p.f.c.ControllerClasses [ControllerClasses.java:43] Found controller 'com.khubla.pragmatach.plugin.adminapp.ShowJVMController'
2013-03-31 14:51:40,456 INFO [main] c.k.p.f.c.ControllerClasses [ControllerClasses.java:43] Found controller 'com.khubla.pragmatach.framework.controller.impl.system.HttpErrorController'
2013-03-31 14:51:40,456 INFO [main] c.k.p.f.c.ControllerClasses [ControllerClasses.java:43] Found controller 'com.khubla.pragmatach.plugin.adminapp.ShowServerController'
2013-03-31 14:51:40,456 INFO [main] c.k.p.f.c.ControllerClasses [ControllerClasses.java:43] Found controller 'com.khubla.pragmatach.examples.rssviewer.ShowFeedController'
2013-03-31 14:51:40,457 INFO [main] c.k.p.f.c.ControllerClasses [ControllerClasses.java:43] Found controller 'com.khubla.pragmatach.plugin.adminapp.ShowPluginsController'
2013-03-31 14:51:40,457 INFO [main] c.k.p.f.c.ControllerClasses [ControllerClasses.java:43] Found controller 'com.khubla.pragmatach.plugin.adminapp.AdminController'
2013-03-31 14:51:40,457 INFO [main] c.k.p.f.c.ControllerClasses [ControllerClasses.java:43] Found controller 'com.khubla.pragmatach.plugin.adminapp.ShowRoutesController'
2013-03-31 14:51:40,457 INFO [main] c.k.p.f.c.ControllerClasses [ControllerClasses.java:43] Found controller 'com.khubla.pragmatach.plugin.adminapp.ShowConfigurationController'
2013-03-31 14:51:40,457 INFO [main] c.k.p.f.c.ControllerClasses [ControllerClasses.java:43] Found controller 'com.khubla.pragmatach.plugin.adminapp.AdminLoginController'
2013-03-31 14:51:40,457 INFO [main] c.k.p.f.c.ControllerClasses [ControllerClasses.java:43] Found controller 'com.khubla.pragmatach.framework.controller.impl.StaticResourceController'
2013-03-31 14:51:40,458 INFO [main] c.k.p.f.c.ControllerClasses [ControllerClasses.java:43] Found controller 'com.khubla.pragmatach.framework.controller.impl.DefaultContextRootController'
2013-03-31 14:51:40,458 INFO [main] c.k.p.f.c.ControllerClasses [ControllerClasses.java:43] Found controller 'com.khubla.pragmatach.plugin.adminapp.ShowNetworkController'
2013-03-31 14:51:40,458 INFO [main] c.k.p.f.c.ControllerClasses [ControllerClasses.java:43] Found controller 'com.khubla.pragmatach.framework.controller.impl.TrivialController'
2013-03-31 14:51:40,458 INFO [main] c.k.p.f.c.ControllerClasses [ControllerClasses.java:43] Found controller 'com.khubla.pragmatach.plugin.adminapp.ShowEnvironmentController'
2013-03-31 14:51:40,458 INFO [main] c.k.p.f.c.ControllerClasses [ControllerClasses.java:43] Found controller 'com.khubla.pragmatach.plugin.adminapp.ShowApplicationController'
2013-03-31 14:51:40,458 INFO [main] c.k.p.f.c.ControllerClasses [ControllerClasses.java:43] Found controller 'com.khubla.pragmatach.framework.controller.impl.NotFoundController'
2013-03-31 14:51:40,458 INFO [main] c.k.p.f.c.ControllerClasses [ControllerClasses.java:43] Found controller 'com.khubla.pragmatach.examples.rssviewer.IndexController'
2013-03-31 14:51:40,461 INFO [main] c.k.p.f.c.ControllerClasses [ControllerClasses.java:56] Found router method 'com.khubla.pragmatach.plugin.adminapp.ShowRouteCacheController:clearCache' with route specification '/pragmatach/admin/routecache/clear'
2013-03-31 14:51:40,462 INFO [main] c.k.p.f.c.ControllerClasses [ControllerClasses.java:56] Found router method 'com.khubla.pragmatach.plugin.adminapp.ShowRouteCacheController:render' with route specification '/pragmatach/admin/routecache'
2013-03-31 14:51:40,462 INFO [main] c.k.p.f.c.ControllerClasses [ControllerClasses.java:56] Found router method 'com.khubla.pragmatach.plugin.adminapp.BaseAdminController:logout' with route specification 'pragmatach/admin/logout'
2013-03-31 14:51:40,462 INFO [main] c.k.p.f.c.ControllerClasses [ControllerClasses.java:56] Found router method 'com.khubla.pragmatach.plugin.adminapp.BaseAdminController:logout' with route specification 'pragmatach/admin/logout'
2013-03-31 14:51:40,463 INFO [main] c.k.p.f.c.ControllerClasses [ControllerClasses.java:56] Found router method 'com.khubla.pragmatach.plugin.adminapp.ShowCookiesController:render' with route specification '/pragmatach/admin/cookies'
2013-03-31 14:51:40,463 INFO [main] c.k.p.f.c.ControllerClasses [ControllerClasses.java:56] Found router method 'com.khubla.pragmatach.plugin.adminapp.ShowCookiesController:clearCookies' with route specification '/pragmatach/admin/cookies/clearCookies'
2013-03-31 14:51:40,463 INFO [main] c.k.p.f.c.ControllerClasses [ControllerClasses.java:56] Found router method 'com.khubla.pragmatach.plugin.adminapp.BaseAdminController:logout' with route specification 'pragmatach/admin/logout'
2013-03-31 14:51:40,463 INFO [main] c.k.p.f.c.ControllerClasses [ControllerClasses.java:56] Found router method 'com.khubla.pragmatach.plugin.adminapp.ShowControllersController:render' with route specification '/pragmatach/admin/controllers'
2013-03-31 14:51:40,463 INFO [main] c.k.p.f.c.ControllerClasses [ControllerClasses.java:56] Found router method 'com.khubla.pragmatach.plugin.adminapp.BaseAdminController:logout' with route specification 'pragmatach/admin/logout'
2013-03-31 14:51:40,464 INFO [main] c.k.p.f.c.ControllerClasses [ControllerClasses.java:56] Found router method 'com.khubla.pragmatach.plugin.adminapp.ShowI8NController:render' with route specification '/pragmatach/admin/i8n'
2013-03-31 14:51:40,464 INFO [main] c.k.p.f.c.ControllerClasses [ControllerClasses.java:56] Found router method 'com.khubla.pragmatach.plugin.adminapp.BaseAdminController:logout' with route specification 'pragmatach/admin/logout'
2013-03-31 14:51:40,464 INFO [main] c.k.p.f.c.ControllerClasses [ControllerClasses.java:56] Found router method 'com.khubla.pragmatach.plugin.adminapp.ShowJVMController:render' with route specification '/pragmatach/admin/jvm'
2013-03-31 14:51:40,464 INFO [main] c.k.p.f.c.ControllerClasses [ControllerClasses.java:56] Found router method 'com.khubla.pragmatach.plugin.adminapp.BaseAdminController:logout' with route specification 'pragmatach/admin/logout'
2013-03-31 14:51:40,465 INFO [main] c.k.p.f.c.ControllerClasses [ControllerClasses.java:56] Found router method 'com.khubla.pragmatach.plugin.adminapp.ShowServerController:render' with route specification '/pragmatach/admin/server'
2013-03-31 14:51:40,465 INFO [main] c.k.p.f.c.ControllerClasses [ControllerClasses.java:56] Found router method 'com.khubla.pragmatach.plugin.adminapp.BaseAdminController:logout' with route specification 'pragmatach/admin/logout'
2013-03-31 14:51:40,466 INFO [main] c.k.p.f.c.ControllerClasses [ControllerClasses.java:56] Found router method 'com.khubla.pragmatach.examples.rssviewer.ShowFeedController:showFeed' with route specification '/showfeed'
2013-03-31 14:51:40,466 INFO [main] c.k.p.f.c.ControllerClasses [ControllerClasses.java:56] Found router method 'com.khubla.pragmatach.plugin.adminapp.ShowPluginsController:render' with route specification '/pragmatach/admin/plugins'
2013-03-31 14:51:40,466 INFO [main] c.k.p.f.c.ControllerClasses [ControllerClasses.java:56] Found router method 'com.khubla.pragmatach.plugin.adminapp.BaseAdminController:logout' with route specification 'pragmatach/admin/logout'
2013-03-31 14:51:40,467 INFO [main] c.k.p.f.c.ControllerClasses [ControllerClasses.java:56] Found router method 'com.khubla.pragmatach.plugin.adminapp.AdminController:render' with route specification '/pragmatach/admin'
2013-03-31 14:51:40,467 INFO [main] c.k.p.f.c.ControllerClasses [ControllerClasses.java:56] Found router method 'com.khubla.pragmatach.plugin.adminapp.BaseAdminController:logout' with route specification 'pragmatach/admin/logout'
2013-03-31 14:51:40,467 INFO [main] c.k.p.f.c.ControllerClasses [ControllerClasses.java:56] Found router method 'com.khubla.pragmatach.plugin.adminapp.ShowConfigurationController:render' with route specification '/pragmatach/admin/configuration'
2013-03-31 14:51:40,467 INFO [main] c.k.p.f.c.ControllerClasses [ControllerClasses.java:56] Found router method 'com.khubla.pragmatach.plugin.adminapp.BaseAdminController:logout' with route specification 'pragmatach/admin/logout'
2013-03-31 14:51:40,468 INFO [main] c.k.p.f.c.ControllerClasses [ControllerClasses.java:56] Found router method 'com.khubla.pragmatach.plugin.adminapp.ShowRoutesController:render' with route specification '/pragmatach/admin/routes'
2013-03-31 14:51:40,468 INFO [main] c.k.p.f.c.ControllerClasses [ControllerClasses.java:56] Found router method 'com.khubla.pragmatach.plugin.adminapp.BaseAdminController:logout' with route specification 'pragmatach/admin/logout'
2013-03-31 14:51:40,468 INFO [main] c.k.p.f.c.ControllerClasses [ControllerClasses.java:56] Found router method 'com.khubla.pragmatach.plugin.adminapp.AdminLoginController:render' with route specification '/pragmatach/admin/login'
2013-03-31 14:51:40,468 INFO [main] c.k.p.f.c.ControllerClasses [ControllerClasses.java:56] Found router method 'com.khubla.pragmatach.plugin.adminapp.AdminLoginController:doLogin' with route specification '/pragmatach/admin/login/doLogin'
2013-03-31 14:51:40,468 INFO [main] c.k.p.f.c.ControllerClasses [ControllerClasses.java:56] Found router method 'com.khubla.pragmatach.plugin.adminapp.BaseAdminController:logout' with route specification 'pragmatach/admin/logout'
2013-03-31 14:51:40,469 INFO [main] c.k.p.f.c.ControllerClasses [ControllerClasses.java:56] Found router method 'com.khubla.pragmatach.framework.controller.impl.StaticResourceController:render' with route specification '/public/*'
2013-03-31 14:51:40,469 INFO [main] c.k.p.f.c.ControllerClasses [ControllerClasses.java:56] Found router method 'com.khubla.pragmatach.framework.controller.impl.DefaultContextRootController:render' with route specification '/*'
2013-03-31 14:51:40,469 INFO [main] c.k.p.f.c.ControllerClasses [ControllerClasses.java:56] Found router method 'com.khubla.pragmatach.plugin.adminapp.ShowNetworkController:render' with route specification '/pragmatach/admin/network'
2013-03-31 14:51:40,469 INFO [main] c.k.p.f.c.ControllerClasses [ControllerClasses.java:56] Found router method 'com.khubla.pragmatach.plugin.adminapp.BaseAdminController:logout' with route specification 'pragmatach/admin/logout'
2013-03-31 14:51:40,470 INFO [main] c.k.p.f.c.ControllerClasses [ControllerClasses.java:56] Found router method 'com.khubla.pragmatach.plugin.adminapp.ShowEnvironmentController:render' with route specification '/pragmatach/admin/environment'
2013-03-31 14:51:40,470 INFO [main] c.k.p.f.c.ControllerClasses [ControllerClasses.java:56] Found router method 'com.khubla.pragmatach.plugin.adminapp.BaseAdminController:logout' with route specification 'pragmatach/admin/logout'
2013-03-31 14:51:40,470 INFO [main] c.k.p.f.c.ControllerClasses [ControllerClasses.java:56] Found router method 'com.khubla.pragmatach.plugin.adminapp.ShowApplicationController:render' with route specification '/pragmatach/admin/application'
2013-03-31 14:51:40,470 INFO [main] c.k.p.f.c.ControllerClasses [ControllerClasses.java:56] Found router method 'com.khubla.pragmatach.plugin.adminapp.BaseAdminController:logout' with route specification 'pragmatach/admin/logout'
2013-03-31 14:51:40,472 INFO [main] c.k.p.f.c.ControllerClasses [ControllerClasses.java:56] Found router method 'com.khubla.pragmatach.examples.rssviewer.IndexController:render' with route specification '/'
2013-03-31 14:51:40,641 INFO [main] c.k.p.f.p.PluginDescriptors [PluginDescriptors.java:53] Found plugin: AdminApp
2013-03-31 14:51:40,648 INFO [main] c.k.p.f.p.PluginDescriptors [PluginDescriptors.java:53] Found plugin: Framework
2013-03-31 14:51:40,652 INFO [main] c.k.p.f.p.PluginDescriptors [PluginDescriptors.java:53] Found plugin: Freemarker
2013-03-31 14:51:40,653 INFO [main] c.k.p.f.p.PluginDescriptors [PluginDescriptors.java:53] Found plugin: i8n
2013-03-31 14:51:40,711 INFO [main] c.k.p.f.l.StartupListener [StartupListener.java:117] Ordered GET routes
2013-03-31 14:51:40,712 INFO [main] c.k.p.f.l.StartupListener [StartupListener.java:119] GET /pragmatach/admin/configuration com.khubla.pragmatach.plugin.adminapp.ShowConfigurationController:render
2013-03-31 14:51:40,712 INFO [main] c.k.p.f.l.StartupListener [StartupListener.java:119] GET /pragmatach/admin/jvm com.khubla.pragmatach.plugin.adminapp.ShowJVMController:render
2013-03-31 14:51:40,712 INFO [main] c.k.p.f.l.StartupListener [StartupListener.java:119] GET /pragmatach/admin/i8n com.khubla.pragmatach.plugin.adminapp.ShowI8NController:render
2013-03-31 14:51:40,712 INFO [main] c.k.p.f.l.StartupListener [StartupListener.java:119] GET /pragmatach/admin/login com.khubla.pragmatach.plugin.adminapp.AdminLoginController:render
2013-03-31 14:51:40,712 INFO [main] c.k.p.f.l.StartupListener [StartupListener.java:119] GET /pragmatach/admin/plugins com.khubla.pragmatach.plugin.adminapp.ShowPluginsController:render
2013-03-31 14:51:40,712 INFO [main] c.k.p.f.l.StartupListener [StartupListener.java:119] GET /pragmatach/admin/network com.khubla.pragmatach.plugin.adminapp.ShowNetworkController:render
2013-03-31 14:51:40,713 INFO [main] c.k.p.f.l.StartupListener [StartupListener.java:119] GET /pragmatach/admin/environment com.khubla.pragmatach.plugin.adminapp.ShowEnvironmentController:render
2013-03-31 14:51:40,713 INFO [main] c.k.p.f.l.StartupListener [StartupListener.java:119] GET /pragmatach/admin/controllers com.khubla.pragmatach.plugin.adminapp.ShowControllersController:render
2013-03-31 14:51:40,713 INFO [main] c.k.p.f.l.StartupListener [StartupListener.java:119] GET /pragmatach/admin/routecache com.khubla.pragmatach.plugin.adminapp.ShowRouteCacheController:render
2013-03-31 14:51:40,713 INFO [main] c.k.p.f.l.StartupListener [StartupListener.java:119] GET /pragmatach/admin/server com.khubla.pragmatach.plugin.adminapp.ShowServerController:render
2013-03-31 14:51:40,713 INFO [main] c.k.p.f.l.StartupListener [StartupListener.java:119] GET /pragmatach/admin/application com.khubla.pragmatach.plugin.adminapp.ShowApplicationController:render
2013-03-31 14:51:40,713 INFO [main] c.k.p.f.l.StartupListener [StartupListener.java:119] GET /pragmatach/admin/cookies com.khubla.pragmatach.plugin.adminapp.ShowCookiesController:render
2013-03-31 14:51:40,714 INFO [main] c.k.p.f.l.StartupListener [StartupListener.java:119] GET /pragmatach/admin/routes com.khubla.pragmatach.plugin.adminapp.ShowRoutesController:render
2013-03-31 14:51:40,714 INFO [main] c.k.p.f.l.StartupListener [StartupListener.java:119] GET /pragmatach/admin com.khubla.pragmatach.plugin.adminapp.AdminController:render
2013-03-31 14:51:40,714 INFO [main] c.k.p.f.l.StartupListener [StartupListener.java:119] GET / com.khubla.pragmatach.examples.rssviewer.IndexController:render
2013-03-31 14:51:40,714 INFO [main] c.k.p.f.l.StartupListener [StartupListener.java:119] GET pragmatach/admin/logout com.khubla.pragmatach.plugin.adminapp.BaseAdminController:logout
2013-03-31 14:51:40,714 INFO [main] c.k.p.f.l.StartupListener [StartupListener.java:119] GET /public/* com.khubla.pragmatach.framework.controller.impl.StaticResourceController:render
2013-03-31 14:51:40,714 INFO [main] c.k.p.f.l.StartupListener [StartupListener.java:119] GET /* com.khubla.pragmatach.framework.controller.impl.DefaultContextRootController:render
2013-03-31 14:51:40,714 INFO [main] c.k.p.f.l.StartupListener [StartupListener.java:124] Ordered POST routes
2013-03-31 14:51:40,715 INFO [main] c.k.p.f.l.StartupListener [StartupListener.java:126] POST /showfeed com.khubla.pragmatach.examples.rssviewer.ShowFeedController:showFeed
2013-03-31 14:51:40,715 INFO [main] c.k.p.f.l.StartupListener [StartupListener.java:126] POST /pragmatach/admin/cookies/clearCookies com.khubla.pragmatach.plugin.adminapp.ShowCookiesController:clearCookies
2013-03-31 14:51:40,715 INFO [main] c.k.p.f.l.StartupListener [StartupListener.java:126] POST /pragmatach/admin/login/doLogin com.khubla.pragmatach.plugin.adminapp.AdminLoginController:doLogin
2013-03-31 14:51:40,715 INFO [main] c.k.p.f.l.StartupListener [StartupListener.java:126] POST /pragmatach/admin/routecache/clear com.khubla.pragmatach.plugin.adminapp.ShowRouteCacheController:clearCache
2013-03-31 14:51:40,716 INFO [main] c.k.p.f.i.I8NProviders [I8NProviders.java:52] Loaded i8N provider: Pragmatach file-based i8n provider
