INFO - AnnotationsScanner.addAnnotations(47) | Found controller 'com.khubla.pragmatach.framework.controller.impl.NotFoundController'
INFO - AnnotationsScanner.addAnnotations(47) | Found controller 'com.khubla.pragmatach.examples.routesexample.IndexController'
INFO - AnnotationsScanner.addAnnotations(47) | Found controller 'com.khubla.pragmatach.plugin.adminapp.ShowRoutesController'
INFO - AnnotationsScanner.addAnnotations(47) | Found controller 'com.khubla.pragmatach.plugin.adminapp.ShowPluginsController'
INFO - AnnotationsScanner.addAnnotations(47) | Found controller 'com.khubla.pragmatach.plugin.adminapp.ShowControllersController'
INFO - AnnotationsScanner.addAnnotations(47) | Found controller 'com.khubla.pragmatach.framework.controller.impl.system.HttpErrorController'
INFO - AnnotationsScanner.addAnnotations(47) | Found controller 'com.khubla.pragmatach.framework.controller.impl.TrivialController'
INFO - AnnotationsScanner.addAnnotations(47) | Found controller 'com.khubla.pragmatach.plugin.adminapp.ShowConfigurationController'
INFO - AnnotationsScanner.addAnnotations(47) | Found controller 'com.khubla.pragmatach.framework.controller.impl.StaticResourceController'
INFO - AnnotationsScanner.addAnnotations(47) | Found controller 'com.khubla.pragmatach.plugin.adminapp.AdminController'
INFO - AnnotationsScanner.addAnnotations(62) | Found router method 'com.khubla.pragmatach.examples.routesexample.IndexController:render' with route specification '/'
INFO - AnnotationsScanner.addAnnotations(62) | Found router method 'com.khubla.pragmatach.examples.routesexample.IndexController:render' with route specification '/'
INFO - AnnotationsScanner.addAnnotations(62) | Found router method 'com.khubla.pragmatach.plugin.adminapp.ShowRoutesController:render' with route specification '/pragmatach/admin/routes'
INFO - AnnotationsScanner.addAnnotations(62) | Found router method 'com.khubla.pragmatach.plugin.adminapp.ShowPluginsController:render' with route specification '/pragmatach/admin/plugins'
INFO - AnnotationsScanner.addAnnotations(62) | Found router method 'com.khubla.pragmatach.plugin.adminapp.ShowControllersController:render' with route specification '/pragmatach/admin/controllers'
INFO - AnnotationsScanner.addAnnotations(62) | Found router method 'com.khubla.pragmatach.plugin.adminapp.ShowConfigurationController:render' with route specification '/pragmatach/admin/configuration'
INFO - AnnotationsScanner.addAnnotations(62) | Found router method 'com.khubla.pragmatach.plugin.adminapp.AdminController:render' with route specification '/pragmatach/admin'
INFO - Plugins.scanURLs(52) | Found plugin: Pragmatach Admin
INFO - Plugins.scanURLs(52) | Found plugin: Freemarker
INFO - PragmatachServlet.init(83) | Pragmatach configuration loaded from class 'com.khubla.pragmatach.framework.configuration.PropertiesFileConfigurationImpl'
INFO - AnnotationsScanner.addAnnotations(47) | Found controller 'com.khubla.pragmatach.framework.controller.impl.NotFoundController'
INFO - AnnotationsScanner.addAnnotations(47) | Found controller 'com.khubla.pragmatach.examples.routesexample.IndexController'
INFO - AnnotationsScanner.addAnnotations(47) | Found controller 'com.khubla.pragmatach.plugin.adminapp.ShowRoutesController'
INFO - AnnotationsScanner.addAnnotations(47) | Found controller 'com.khubla.pragmatach.plugin.adminapp.ShowPluginsController'
INFO - AnnotationsScanner.addAnnotations(47) | Found controller 'com.khubla.pragmatach.plugin.adminapp.ShowControllersController'
INFO - AnnotationsScanner.addAnnotations(47) | Found controller 'com.khubla.pragmatach.framework.controller.impl.system.HttpErrorController'
INFO - AnnotationsScanner.addAnnotations(47) | Found controller 'com.khubla.pragmatach.framework.controller.impl.TrivialController'
INFO - AnnotationsScanner.addAnnotations(47) | Found controller 'com.khubla.pragmatach.plugin.adminapp.ShowConfigurationController'
INFO - AnnotationsScanner.addAnnotations(47) | Found controller 'com.khubla.pragmatach.framework.controller.impl.StaticResourceController'
INFO - AnnotationsScanner.addAnnotations(47) | Found controller 'com.khubla.pragmatach.plugin.adminapp.AdminController'
INFO - AnnotationsScanner.addAnnotations(62) | Found router method 'com.khubla.pragmatach.examples.routesexample.IndexController:render' with route specification '/'
INFO - AnnotationsScanner.addAnnotations(62) | Found router method 'com.khubla.pragmatach.examples.routesexample.IndexController:render' with route specification '/'
INFO - AnnotationsScanner.addAnnotations(62) | Found router method 'com.khubla.pragmatach.plugin.adminapp.ShowRoutesController:render' with route specification '/pragmatach/admin/routes'
INFO - AnnotationsScanner.addAnnotations(62) | Found router method 'com.khubla.pragmatach.plugin.adminapp.ShowPluginsController:render' with route specification '/pragmatach/admin/plugins'
INFO - AnnotationsScanner.addAnnotations(62) | Found router method 'com.khubla.pragmatach.plugin.adminapp.ShowControllersController:render' with route specification '/pragmatach/admin/controllers'
INFO - AnnotationsScanner.addAnnotations(62) | Found router method 'com.khubla.pragmatach.plugin.adminapp.ShowConfigurationController:render' with route specification '/pragmatach/admin/configuration'
INFO - AnnotationsScanner.addAnnotations(62) | Found router method 'com.khubla.pragmatach.plugin.adminapp.AdminController:render' with route specification '/pragmatach/admin'
INFO - Plugins.scanURLs(52) | Found plugin: Pragmatach Admin
INFO - Plugins.scanURLs(52) | Found plugin: Freemarker
INFO - PragmatachServlet.init(83) | Pragmatach configuration loaded from class 'com.khubla.pragmatach.framework.configuration.PropertiesFileConfigurationImpl'
INFO - ResourceLoader.getResource(80) | Unable to load resource '/bootstrap/js/bootstrap-modal.js'
INFO - ResourceLoader.getResource(80) | Unable to load resource '/bootstrap/js/bootstrap-transition.js'
INFO - ResourceLoader.getResource(80) | Unable to load resource '/bootstrap/js/bootstrap-alert.js'
INFO - ResourceLoader.getResource(80) | Unable to load resource '/bootstrap/js/jquery.js'
INFO - ResourceLoader.getResource(80) | Unable to load resource '/bootstrap/css/bootstrap-responsive.css'
INFO - ResourceLoader.getResource(80) | Unable to load resource '/bootstrap/css/bootstrap.css'
INFO - ResourceLoader.getResource(80) | Unable to load resource '/bootstrap/js/bootstrap-dropdown.js'
INFO - ResourceLoader.getResource(80) | Unable to load resource '/bootstrap/js/bootstrap-scrollspy.js'
INFO - ResourceLoader.getResource(80) | Unable to load resource '/bootstrap/js/bootstrap-button.js'
INFO - ResourceLoader.getResource(80) | Unable to load resource '/bootstrap/js/bootstrap-tooltip.js'
INFO - ResourceLoader.getResource(80) | Unable to load resource '/bootstrap/js/bootstrap-popover.js'
INFO - ResourceLoader.getResource(80) | Unable to load resource '/bootstrap/js/bootstrap-tab.js'
INFO - ResourceLoader.getResource(80) | Unable to load resource '/bootstrap/js/bootstrap-collapse.js'
INFO - ResourceLoader.getResource(80) | Unable to load resource '/bootstrap/js/bootstrap-typeahead.js'
INFO - ResourceLoader.getResource(80) | Unable to load resource '/bootstrap/js/bootstrap-carousel.js'
INFO - AnnotationsScanner.addAnnotations(47) | Found controller 'com.khubla.pragmatach.framework.controller.impl.NotFoundController'
INFO - AnnotationsScanner.addAnnotations(47) | Found controller 'com.khubla.pragmatach.examples.routesexample.IndexController'
INFO - AnnotationsScanner.addAnnotations(47) | Found controller 'com.khubla.pragmatach.plugin.adminapp.ShowRoutesController'
INFO - AnnotationsScanner.addAnnotations(47) | Found controller 'com.khubla.pragmatach.plugin.adminapp.ShowPluginsController'
INFO - AnnotationsScanner.addAnnotations(47) | Found controller 'com.khubla.pragmatach.plugin.adminapp.ShowControllersController'
INFO - AnnotationsScanner.addAnnotations(47) | Found controller 'com.khubla.pragmatach.framework.controller.impl.system.HttpErrorController'
INFO - AnnotationsScanner.addAnnotations(47) | Found controller 'com.khubla.pragmatach.framework.controller.impl.TrivialController'
INFO - AnnotationsScanner.addAnnotations(47) | Found controller 'com.khubla.pragmatach.plugin.adminapp.ShowConfigurationController'
INFO - AnnotationsScanner.addAnnotations(47) | Found controller 'com.khubla.pragmatach.framework.controller.impl.StaticResourceController'
INFO - AnnotationsScanner.addAnnotations(47) | Found controller 'com.khubla.pragmatach.plugin.adminapp.AdminController'
INFO - AnnotationsScanner.addAnnotations(62) | Found router method 'com.khubla.pragmatach.examples.routesexample.IndexController:render' with route specification '/'
INFO - AnnotationsScanner.addAnnotations(62) | Found router method 'com.khubla.pragmatach.examples.routesexample.IndexController:render' with route specification '/@num'
INFO - AnnotationsScanner.addAnnotations(62) | Found router method 'com.khubla.pragmatach.plugin.adminapp.ShowRoutesController:render' with route specification '/pragmatach/admin/routes'
INFO - AnnotationsScanner.addAnnotations(62) | Found router method 'com.khubla.pragmatach.plugin.adminapp.ShowPluginsController:render' with route specification '/pragmatach/admin/plugins'
INFO - AnnotationsScanner.addAnnotations(62) | Found router method 'com.khubla.pragmatach.plugin.adminapp.ShowControllersController:render' with route specification '/pragmatach/admin/controllers'
INFO - AnnotationsScanner.addAnnotations(62) | Found router method 'com.khubla.pragmatach.plugin.adminapp.ShowConfigurationController:render' with route specification '/pragmatach/admin/configuration'
INFO - AnnotationsScanner.addAnnotations(62) | Found router method 'com.khubla.pragmatach.plugin.adminapp.AdminController:render' with route specification '/pragmatach/admin'
INFO - Plugins.scanURLs(52) | Found plugin: Pragmatach Admin
INFO - Plugins.scanURLs(52) | Found plugin: Freemarker
INFO - PragmatachServlet.init(83) | Pragmatach configuration loaded from class 'com.khubla.pragmatach.framework.configuration.PropertiesFileConfigurationImpl'
DEBUG - AbstractConverter.setDefaultValue(336) | Setting default value: false
DEBUG - AbstractConverter.convert(127) | Converting 'Boolean' value 'false' to type 'Boolean'
DEBUG - AbstractConverter.convert(149) |     No conversion required, value is already a Boolean
DEBUG - AbstractConverter.setDefaultValue(336) | Setting default value: 0
DEBUG - AbstractConverter.convert(127) | Converting 'Integer' value '0' to type 'Byte'
DEBUG - AbstractConverter.convert(158) |     Converted to Byte value '0'
DEBUG - AbstractConverter.setDefaultValue(336) | Setting default value:  
DEBUG - AbstractConverter.convert(127) | Converting 'Character' value ' ' to type 'Character'
DEBUG - AbstractConverter.convert(149) |     No conversion required, value is already a Character
DEBUG - AbstractConverter.setDefaultValue(336) | Setting default value: 0
DEBUG - AbstractConverter.convert(127) | Converting 'Integer' value '0' to type 'Double'
DEBUG - AbstractConverter.convert(158) |     Converted to Double value '0.0'
DEBUG - AbstractConverter.setDefaultValue(336) | Setting default value: 0
DEBUG - AbstractConverter.convert(127) | Converting 'Integer' value '0' to type 'Float'
DEBUG - AbstractConverter.convert(158) |     Converted to Float value '0.0'
DEBUG - AbstractConverter.setDefaultValue(336) | Setting default value: 0
DEBUG - AbstractConverter.convert(127) | Converting 'Integer' value '0' to type 'Integer'
DEBUG - AbstractConverter.convert(149) |     No conversion required, value is already a Integer
DEBUG - AbstractConverter.setDefaultValue(336) | Setting default value: 0
DEBUG - AbstractConverter.convert(127) | Converting 'Integer' value '0' to type 'Long'
DEBUG - AbstractConverter.convert(158) |     Converted to Long value '0'
DEBUG - AbstractConverter.setDefaultValue(336) | Setting default value: 0
DEBUG - AbstractConverter.convert(127) | Converting 'Integer' value '0' to type 'Short'
DEBUG - AbstractConverter.convert(158) |     Converted to Short value '0'
DEBUG - AbstractConverter.setDefaultValue(336) | Setting default value: 0.0
DEBUG - AbstractConverter.convert(127) | Converting 'BigDecimal' value '0.0' to type 'BigDecimal'
DEBUG - AbstractConverter.convert(149) |     No conversion required, value is already a BigDecimal
DEBUG - AbstractConverter.setDefaultValue(336) | Setting default value: 0
DEBUG - AbstractConverter.convert(127) | Converting 'BigInteger' value '0' to type 'BigInteger'
DEBUG - AbstractConverter.convert(149) |     No conversion required, value is already a BigInteger
DEBUG - AbstractConverter.setDefaultValue(336) | Setting default value: false
DEBUG - AbstractConverter.convert(127) | Converting 'Boolean' value 'false' to type 'Boolean'
DEBUG - AbstractConverter.convert(149) |     No conversion required, value is already a Boolean
DEBUG - AbstractConverter.setDefaultValue(336) | Setting default value: 0
DEBUG - AbstractConverter.convert(127) | Converting 'Integer' value '0' to type 'Byte'
DEBUG - AbstractConverter.convert(158) |     Converted to Byte value '0'
DEBUG - AbstractConverter.setDefaultValue(336) | Setting default value:  
DEBUG - AbstractConverter.convert(127) | Converting 'Character' value ' ' to type 'Character'
DEBUG - AbstractConverter.convert(149) |     No conversion required, value is already a Character
DEBUG - AbstractConverter.setDefaultValue(336) | Setting default value: 0
DEBUG - AbstractConverter.convert(127) | Converting 'Integer' value '0' to type 'Double'
DEBUG - AbstractConverter.convert(158) |     Converted to Double value '0.0'
DEBUG - AbstractConverter.setDefaultValue(336) | Setting default value: 0
DEBUG - AbstractConverter.convert(127) | Converting 'Integer' value '0' to type 'Float'
DEBUG - AbstractConverter.convert(158) |     Converted to Float value '0.0'
DEBUG - AbstractConverter.setDefaultValue(336) | Setting default value: 0
DEBUG - AbstractConverter.convert(127) | Converting 'Integer' value '0' to type 'Integer'
DEBUG - AbstractConverter.convert(149) |     No conversion required, value is already a Integer
DEBUG - AbstractConverter.setDefaultValue(336) | Setting default value: 0
DEBUG - AbstractConverter.convert(127) | Converting 'Integer' value '0' to type 'Long'
DEBUG - AbstractConverter.convert(158) |     Converted to Long value '0'
DEBUG - AbstractConverter.setDefaultValue(336) | Setting default value: 0
DEBUG - AbstractConverter.convert(127) | Converting 'Integer' value '0' to type 'Short'
DEBUG - AbstractConverter.convert(158) |     Converted to Short value '0'
DEBUG - AbstractConverter.setDefaultValue(336) | Setting default value: 
DEBUG - AbstractConverter.convert(127) | Converting 'String' value '' to type 'String'
DEBUG - AbstractConverter.setDefaultValue(336) | Setting default value: [Z@34afa071
DEBUG - AbstractConverter.convert(127) | Converting 'boolean[]' value '[Z@34afa071' to type 'boolean[]'
DEBUG - AbstractConverter.convert(149) |     No conversion required, value is already a boolean[]
DEBUG - AbstractConverter.setDefaultValue(336) | Setting default value: [B@764e75bc
DEBUG - AbstractConverter.convert(127) | Converting 'byte[]' value '[B@764e75bc' to type 'byte[]'
DEBUG - AbstractConverter.convert(149) |     No conversion required, value is already a byte[]
DEBUG - AbstractConverter.setDefaultValue(336) | Setting default value: [C@1913c652
DEBUG - AbstractConverter.convert(127) | Converting 'char[]' value '[C@1913c652' to type 'char[]'
DEBUG - AbstractConverter.convert(149) |     No conversion required, value is already a char[]
DEBUG - AbstractConverter.setDefaultValue(336) | Setting default value: [D@61413e5a
DEBUG - AbstractConverter.convert(127) | Converting 'double[]' value '[D@61413e5a' to type 'double[]'
DEBUG - AbstractConverter.convert(149) |     No conversion required, value is already a double[]
DEBUG - AbstractConverter.setDefaultValue(336) | Setting default value: [F@264b898
DEBUG - AbstractConverter.convert(127) | Converting 'float[]' value '[F@264b898' to type 'float[]'
DEBUG - AbstractConverter.convert(149) |     No conversion required, value is already a float[]
DEBUG - AbstractConverter.setDefaultValue(336) | Setting default value: [I@22930462
DEBUG - AbstractConverter.convert(127) | Converting 'int[]' value '[I@22930462' to type 'int[]'
DEBUG - AbstractConverter.convert(149) |     No conversion required, value is already a int[]
DEBUG - AbstractConverter.setDefaultValue(336) | Setting default value: [J@6204cfa9
DEBUG - AbstractConverter.convert(127) | Converting 'long[]' value '[J@6204cfa9' to type 'long[]'
DEBUG - AbstractConverter.convert(149) |     No conversion required, value is already a long[]
DEBUG - AbstractConverter.setDefaultValue(336) | Setting default value: [S@29dd9285
DEBUG - AbstractConverter.convert(127) | Converting 'short[]' value '[S@29dd9285' to type 'short[]'
DEBUG - AbstractConverter.convert(149) |     No conversion required, value is already a short[]
DEBUG - AbstractConverter.setDefaultValue(336) | Setting default value: [Ljava.math.BigDecimal;@11be6f3c
DEBUG - AbstractConverter.convert(127) | Converting 'BigDecimal[]' value '[Ljava.math.BigDecimal;@11be6f3c' to type 'BigDecimal[]'
DEBUG - AbstractConverter.convert(149) |     No conversion required, value is already a BigDecimal[]
DEBUG - AbstractConverter.setDefaultValue(336) | Setting default value: [Ljava.math.BigInteger;@17f7cff1
DEBUG - AbstractConverter.convert(127) | Converting 'BigInteger[]' value '[Ljava.math.BigInteger;@17f7cff1' to type 'BigInteger[]'
DEBUG - AbstractConverter.convert(149) |     No conversion required, value is already a BigInteger[]
DEBUG - AbstractConverter.setDefaultValue(336) | Setting default value: [Ljava.lang.Boolean;@1c047338
DEBUG - AbstractConverter.convert(127) | Converting 'Boolean[]' value '[Ljava.lang.Boolean;@1c047338' to type 'Boolean[]'
DEBUG - AbstractConverter.convert(149) |     No conversion required, value is already a Boolean[]
DEBUG - AbstractConverter.setDefaultValue(336) | Setting default value: [Ljava.lang.Byte;@36ca9a76
DEBUG - AbstractConverter.convert(127) | Converting 'Byte[]' value '[Ljava.lang.Byte;@36ca9a76' to type 'Byte[]'
DEBUG - AbstractConverter.convert(149) |     No conversion required, value is already a Byte[]
DEBUG - AbstractConverter.setDefaultValue(336) | Setting default value: [Ljava.lang.Character;@1932c5a
DEBUG - AbstractConverter.convert(127) | Converting 'Character[]' value '[Ljava.lang.Character;@1932c5a' to type 'Character[]'
DEBUG - AbstractConverter.convert(149) |     No conversion required, value is already a Character[]
DEBUG - AbstractConverter.setDefaultValue(336) | Setting default value: [Ljava.lang.Double;@70a2d0d
DEBUG - AbstractConverter.convert(127) | Converting 'Double[]' value '[Ljava.lang.Double;@70a2d0d' to type 'Double[]'
DEBUG - AbstractConverter.convert(149) |     No conversion required, value is already a Double[]
DEBUG - AbstractConverter.setDefaultValue(336) | Setting default value: [Ljava.lang.Float;@6894691f
DEBUG - AbstractConverter.convert(127) | Converting 'Float[]' value '[Ljava.lang.Float;@6894691f' to type 'Float[]'
DEBUG - AbstractConverter.convert(149) |     No conversion required, value is already a Float[]
DEBUG - AbstractConverter.setDefaultValue(336) | Setting default value: [Ljava.lang.Integer;@7133919a
DEBUG - AbstractConverter.convert(127) | Converting 'Integer[]' value '[Ljava.lang.Integer;@7133919a' to type 'Integer[]'
DEBUG - AbstractConverter.convert(149) |     No conversion required, value is already a Integer[]
DEBUG - AbstractConverter.setDefaultValue(336) | Setting default value: [Ljava.lang.Long;@2628de85
DEBUG - AbstractConverter.convert(127) | Converting 'Long[]' value '[Ljava.lang.Long;@2628de85' to type 'Long[]'
DEBUG - AbstractConverter.convert(149) |     No conversion required, value is already a Long[]
DEBUG - AbstractConverter.setDefaultValue(336) | Setting default value: [Ljava.lang.Short;@71696ec
DEBUG - AbstractConverter.convert(127) | Converting 'Short[]' value '[Ljava.lang.Short;@71696ec' to type 'Short[]'
DEBUG - AbstractConverter.convert(149) |     No conversion required, value is already a Short[]
DEBUG - AbstractConverter.setDefaultValue(336) | Setting default value: [Ljava.lang.String;@34ac3c11
DEBUG - AbstractConverter.convert(127) | Converting 'String[]' value '[Ljava.lang.String;@34ac3c11' to type 'String[]'
DEBUG - AbstractConverter.convert(149) |     No conversion required, value is already a String[]
DEBUG - AbstractConverter.setDefaultValue(336) | Setting default value: [Ljava.lang.Class;@179b9b1b
DEBUG - AbstractConverter.convert(127) | Converting 'Class[]' value '[Ljava.lang.Class;@179b9b1b' to type 'Class[]'
DEBUG - AbstractConverter.convert(149) |     No conversion required, value is already a Class[]
DEBUG - AbstractConverter.setDefaultValue(336) | Setting default value: [Ljava.util.Date;@564e18d4
DEBUG - AbstractConverter.convert(127) | Converting 'Date[]' value '[Ljava.util.Date;@564e18d4' to type 'Date[]'
DEBUG - AbstractConverter.convert(149) |     No conversion required, value is already a Date[]
DEBUG - AbstractConverter.setDefaultValue(336) | Setting default value: [Ljava.util.Calendar;@7db79cfd
DEBUG - AbstractConverter.convert(127) | Converting 'Calendar[]' value '[Ljava.util.Calendar;@7db79cfd' to type 'Calendar[]'
DEBUG - AbstractConverter.convert(149) |     No conversion required, value is already a Calendar[]
DEBUG - AbstractConverter.setDefaultValue(336) | Setting default value: [Ljava.io.File;@f7378ab
DEBUG - AbstractConverter.convert(127) | Converting 'java.io.File[]' value '[Ljava.io.File;@f7378ab' to type 'java.io.File[]'
DEBUG - AbstractConverter.convert(149) |     No conversion required, value is already a java.io.File[]
DEBUG - AbstractConverter.setDefaultValue(336) | Setting default value: [Ljava.sql.Date;@4605a23b
DEBUG - AbstractConverter.convert(127) | Converting 'java.sql.Date[]' value '[Ljava.sql.Date;@4605a23b' to type 'java.sql.Date[]'
DEBUG - AbstractConverter.convert(149) |     No conversion required, value is already a java.sql.Date[]
DEBUG - AbstractConverter.setDefaultValue(336) | Setting default value: [Ljava.sql.Time;@896fd7c
DEBUG - AbstractConverter.convert(127) | Converting 'java.sql.Time[]' value '[Ljava.sql.Time;@896fd7c' to type 'java.sql.Time[]'
DEBUG - AbstractConverter.convert(149) |     No conversion required, value is already a java.sql.Time[]
DEBUG - AbstractConverter.setDefaultValue(336) | Setting default value: [Ljava.sql.Timestamp;@725bf9cf
DEBUG - AbstractConverter.convert(127) | Converting 'java.sql.Timestamp[]' value '[Ljava.sql.Timestamp;@725bf9cf' to type 'java.sql.Timestamp[]'
DEBUG - AbstractConverter.convert(149) |     No conversion required, value is already a java.sql.Timestamp[]
DEBUG - AbstractConverter.setDefaultValue(336) | Setting default value: [Ljava.net.URL;@5143f787
DEBUG - AbstractConverter.convert(127) | Converting 'java.net.URL[]' value '[Ljava.net.URL;@5143f787' to type 'java.net.URL[]'
DEBUG - AbstractConverter.convert(149) |     No conversion required, value is already a java.net.URL[]
DEBUG - ConvertUtilsBean.convert(460) | Convert string '/' to class 'int'
TRACE - ConvertUtilsBean.convert(468) |   Using converter ConverterFacade[IntegerConverter[UseDefault=true, UseLocaleFormat=false]]
DEBUG - AbstractConverter.convert(127) | Converting 'String' value '/' to type 'Integer'
DEBUG - NumberConverter.convertToType(266) |     No NumberFormat, using default conversion
DEBUG - AbstractConverter.handleError(249) |     Conversion threw java.lang.NumberFormatException: For input string: "/"
DEBUG - AbstractConverter.handleMissing(303) |     Using default Integer value '0'
INFO - ResourceLoader.getResource(80) | Unable to load resource '/bootstrap/js/bootstrap-modal.js'
INFO - ResourceLoader.getResource(80) | Unable to load resource '/bootstrap/css/bootstrap.css'
INFO - ResourceLoader.getResource(80) | Unable to load resource '/bootstrap/js/jquery.js'
INFO - ResourceLoader.getResource(80) | Unable to load resource '/bootstrap/css/bootstrap-responsive.css'
INFO - ResourceLoader.getResource(80) | Unable to load resource '/bootstrap/js/bootstrap-transition.js'
INFO - ResourceLoader.getResource(80) | Unable to load resource '/bootstrap/js/bootstrap-alert.js'
INFO - ResourceLoader.getResource(80) | Unable to load resource '/bootstrap/js/bootstrap-dropdown.js'
INFO - ResourceLoader.getResource(80) | Unable to load resource '/bootstrap/js/bootstrap-scrollspy.js'
INFO - ResourceLoader.getResource(80) | Unable to load resource '/bootstrap/js/bootstrap-tooltip.js'
INFO - ResourceLoader.getResource(80) | Unable to load resource '/bootstrap/js/bootstrap-tab.js'
INFO - ResourceLoader.getResource(80) | Unable to load resource '/bootstrap/js/bootstrap-popover.js'
INFO - ResourceLoader.getResource(80) | Unable to load resource '/bootstrap/js/bootstrap-button.js'
INFO - ResourceLoader.getResource(80) | Unable to load resource '/bootstrap/js/bootstrap-typeahead.js'
INFO - ResourceLoader.getResource(80) | Unable to load resource '/bootstrap/js/bootstrap-carousel.js'
INFO - ResourceLoader.getResource(80) | Unable to load resource '/bootstrap/js/bootstrap-collapse.js'
DEBUG - ConvertUtilsBean.convert(460) | Convert string 'favicon.ico' to class 'int'
TRACE - ConvertUtilsBean.convert(468) |   Using converter ConverterFacade[IntegerConverter[UseDefault=true, UseLocaleFormat=false]]
DEBUG - AbstractConverter.convert(127) | Converting 'String' value 'favicon.ico' to type 'Integer'
DEBUG - NumberConverter.convertToType(266) |     No NumberFormat, using default conversion
DEBUG - AbstractConverter.handleError(249) |     Conversion threw java.lang.NumberFormatException: For input string: "favicon.ico"
DEBUG - AbstractConverter.handleMissing(303) |     Using default Integer value '0'
INFO - AnnotationsScanner.addAnnotations(47) | Found controller 'com.khubla.pragmatach.framework.controller.impl.NotFoundController'
INFO - AnnotationsScanner.addAnnotations(47) | Found controller 'com.khubla.pragmatach.examples.routesexample.IndexController'
INFO - AnnotationsScanner.addAnnotations(47) | Found controller 'com.khubla.pragmatach.plugin.adminapp.ShowRoutesController'
INFO - AnnotationsScanner.addAnnotations(47) | Found controller 'com.khubla.pragmatach.plugin.adminapp.ShowPluginsController'
INFO - AnnotationsScanner.addAnnotations(47) | Found controller 'com.khubla.pragmatach.plugin.adminapp.ShowControllersController'
INFO - AnnotationsScanner.addAnnotations(47) | Found controller 'com.khubla.pragmatach.framework.controller.impl.system.HttpErrorController'
INFO - AnnotationsScanner.addAnnotations(47) | Found controller 'com.khubla.pragmatach.framework.controller.impl.TrivialController'
INFO - AnnotationsScanner.addAnnotations(47) | Found controller 'com.khubla.pragmatach.plugin.adminapp.ShowConfigurationController'
INFO - AnnotationsScanner.addAnnotations(47) | Found controller 'com.khubla.pragmatach.framework.controller.impl.StaticResourceController'
INFO - AnnotationsScanner.addAnnotations(47) | Found controller 'com.khubla.pragmatach.plugin.adminapp.AdminController'
INFO - AnnotationsScanner.addAnnotations(62) | Found router method 'com.khubla.pragmatach.examples.routesexample.IndexController:render' with route specification '/'
INFO - AnnotationsScanner.addAnnotations(62) | Found router method 'com.khubla.pragmatach.examples.routesexample.IndexController:render' with route specification '/@num'
INFO - AnnotationsScanner.addAnnotations(62) | Found router method 'com.khubla.pragmatach.plugin.adminapp.ShowRoutesController:render' with route specification '/pragmatach/admin/routes'
INFO - AnnotationsScanner.addAnnotations(62) | Found router method 'com.khubla.pragmatach.plugin.adminapp.ShowPluginsController:render' with route specification '/pragmatach/admin/plugins'
INFO - AnnotationsScanner.addAnnotations(62) | Found router method 'com.khubla.pragmatach.plugin.adminapp.ShowControllersController:render' with route specification '/pragmatach/admin/controllers'
INFO - AnnotationsScanner.addAnnotations(62) | Found router method 'com.khubla.pragmatach.plugin.adminapp.ShowConfigurationController:render' with route specification '/pragmatach/admin/configuration'
INFO - AnnotationsScanner.addAnnotations(62) | Found router method 'com.khubla.pragmatach.plugin.adminapp.AdminController:render' with route specification '/pragmatach/admin'
INFO - Plugins.scanURLs(52) | Found plugin: Pragmatach Admin
INFO - Plugins.scanURLs(52) | Found plugin: Freemarker
INFO - PragmatachServlet.init(83) | Pragmatach configuration loaded from class 'com.khubla.pragmatach.framework.configuration.PropertiesFileConfigurationImpl'
DEBUG - AbstractConverter.setDefaultValue(336) | Setting default value: false
DEBUG - AbstractConverter.convert(127) | Converting 'Boolean' value 'false' to type 'Boolean'
DEBUG - AbstractConverter.convert(149) |     No conversion required, value is already a Boolean
DEBUG - AbstractConverter.setDefaultValue(336) | Setting default value: 0
DEBUG - AbstractConverter.convert(127) | Converting 'Integer' value '0' to type 'Byte'
DEBUG - AbstractConverter.convert(158) |     Converted to Byte value '0'
DEBUG - AbstractConverter.setDefaultValue(336) | Setting default value:  
DEBUG - AbstractConverter.convert(127) | Converting 'Character' value ' ' to type 'Character'
DEBUG - AbstractConverter.convert(149) |     No conversion required, value is already a Character
DEBUG - AbstractConverter.setDefaultValue(336) | Setting default value: 0
DEBUG - AbstractConverter.convert(127) | Converting 'Integer' value '0' to type 'Double'
DEBUG - AbstractConverter.convert(158) |     Converted to Double value '0.0'
DEBUG - AbstractConverter.setDefaultValue(336) | Setting default value: 0
DEBUG - AbstractConverter.convert(127) | Converting 'Integer' value '0' to type 'Float'
DEBUG - AbstractConverter.convert(158) |     Converted to Float value '0.0'
DEBUG - AbstractConverter.setDefaultValue(336) | Setting default value: 0
DEBUG - AbstractConverter.convert(127) | Converting 'Integer' value '0' to type 'Integer'
DEBUG - AbstractConverter.convert(149) |     No conversion required, value is already a Integer
DEBUG - AbstractConverter.setDefaultValue(336) | Setting default value: 0
DEBUG - AbstractConverter.convert(127) | Converting 'Integer' value '0' to type 'Long'
DEBUG - AbstractConverter.convert(158) |     Converted to Long value '0'
DEBUG - AbstractConverter.setDefaultValue(336) | Setting default value: 0
DEBUG - AbstractConverter.convert(127) | Converting 'Integer' value '0' to type 'Short'
DEBUG - AbstractConverter.convert(158) |     Converted to Short value '0'
DEBUG - AbstractConverter.setDefaultValue(336) | Setting default value: 0.0
DEBUG - AbstractConverter.convert(127) | Converting 'BigDecimal' value '0.0' to type 'BigDecimal'
DEBUG - AbstractConverter.convert(149) |     No conversion required, value is already a BigDecimal
DEBUG - AbstractConverter.setDefaultValue(336) | Setting default value: 0
DEBUG - AbstractConverter.convert(127) | Converting 'BigInteger' value '0' to type 'BigInteger'
DEBUG - AbstractConverter.convert(149) |     No conversion required, value is already a BigInteger
DEBUG - AbstractConverter.setDefaultValue(336) | Setting default value: false
DEBUG - AbstractConverter.convert(127) | Converting 'Boolean' value 'false' to type 'Boolean'
DEBUG - AbstractConverter.convert(149) |     No conversion required, value is already a Boolean
DEBUG - AbstractConverter.setDefaultValue(336) | Setting default value: 0
DEBUG - AbstractConverter.convert(127) | Converting 'Integer' value '0' to type 'Byte'
DEBUG - AbstractConverter.convert(158) |     Converted to Byte value '0'
DEBUG - AbstractConverter.setDefaultValue(336) | Setting default value:  
DEBUG - AbstractConverter.convert(127) | Converting 'Character' value ' ' to type 'Character'
DEBUG - AbstractConverter.convert(149) |     No conversion required, value is already a Character
DEBUG - AbstractConverter.setDefaultValue(336) | Setting default value: 0
DEBUG - AbstractConverter.convert(127) | Converting 'Integer' value '0' to type 'Double'
DEBUG - AbstractConverter.convert(158) |     Converted to Double value '0.0'
DEBUG - AbstractConverter.setDefaultValue(336) | Setting default value: 0
DEBUG - AbstractConverter.convert(127) | Converting 'Integer' value '0' to type 'Float'
DEBUG - AbstractConverter.convert(158) |     Converted to Float value '0.0'
DEBUG - AbstractConverter.setDefaultValue(336) | Setting default value: 0
DEBUG - AbstractConverter.convert(127) | Converting 'Integer' value '0' to type 'Integer'
DEBUG - AbstractConverter.convert(149) |     No conversion required, value is already a Integer
DEBUG - AbstractConverter.setDefaultValue(336) | Setting default value: 0
DEBUG - AbstractConverter.convert(127) | Converting 'Integer' value '0' to type 'Long'
DEBUG - AbstractConverter.convert(158) |     Converted to Long value '0'
DEBUG - AbstractConverter.setDefaultValue(336) | Setting default value: 0
DEBUG - AbstractConverter.convert(127) | Converting 'Integer' value '0' to type 'Short'
DEBUG - AbstractConverter.convert(158) |     Converted to Short value '0'
DEBUG - AbstractConverter.setDefaultValue(336) | Setting default value: 
DEBUG - AbstractConverter.convert(127) | Converting 'String' value '' to type 'String'
DEBUG - AbstractConverter.setDefaultValue(336) | Setting default value: [Z@573b7064
DEBUG - AbstractConverter.convert(127) | Converting 'boolean[]' value '[Z@573b7064' to type 'boolean[]'
DEBUG - AbstractConverter.convert(149) |     No conversion required, value is already a boolean[]
DEBUG - AbstractConverter.setDefaultValue(336) | Setting default value: [B@7f4fe1f9
DEBUG - AbstractConverter.convert(127) | Converting 'byte[]' value '[B@7f4fe1f9' to type 'byte[]'
DEBUG - AbstractConverter.convert(149) |     No conversion required, value is already a byte[]
DEBUG - AbstractConverter.setDefaultValue(336) | Setting default value: [C@557ce3bb
DEBUG - AbstractConverter.convert(127) | Converting 'char[]' value '[C@557ce3bb' to type 'char[]'
DEBUG - AbstractConverter.convert(149) |     No conversion required, value is already a char[]
DEBUG - AbstractConverter.setDefaultValue(336) | Setting default value: [D@7a4b35d5
DEBUG - AbstractConverter.convert(127) | Converting 'double[]' value '[D@7a4b35d5' to type 'double[]'
DEBUG - AbstractConverter.convert(149) |     No conversion required, value is already a double[]
DEBUG - AbstractConverter.setDefaultValue(336) | Setting default value: [F@5fbb71ac
DEBUG - AbstractConverter.convert(127) | Converting 'float[]' value '[F@5fbb71ac' to type 'float[]'
DEBUG - AbstractConverter.convert(149) |     No conversion required, value is already a float[]
DEBUG - AbstractConverter.setDefaultValue(336) | Setting default value: [I@b24044e
DEBUG - AbstractConverter.convert(127) | Converting 'int[]' value '[I@b24044e' to type 'int[]'
DEBUG - AbstractConverter.convert(149) |     No conversion required, value is already a int[]
DEBUG - AbstractConverter.setDefaultValue(336) | Setting default value: [J@6996a298
DEBUG - AbstractConverter.convert(127) | Converting 'long[]' value '[J@6996a298' to type 'long[]'
DEBUG - AbstractConverter.convert(149) |     No conversion required, value is already a long[]
DEBUG - AbstractConverter.setDefaultValue(336) | Setting default value: [S@208cdf50
DEBUG - AbstractConverter.convert(127) | Converting 'short[]' value '[S@208cdf50' to type 'short[]'
DEBUG - AbstractConverter.convert(149) |     No conversion required, value is already a short[]
DEBUG - AbstractConverter.setDefaultValue(336) | Setting default value: [Ljava.math.BigDecimal;@990de2
DEBUG - AbstractConverter.convert(127) | Converting 'BigDecimal[]' value '[Ljava.math.BigDecimal;@990de2' to type 'BigDecimal[]'
DEBUG - AbstractConverter.convert(149) |     No conversion required, value is already a BigDecimal[]
DEBUG - AbstractConverter.setDefaultValue(336) | Setting default value: [Ljava.math.BigInteger;@783b67a7
DEBUG - AbstractConverter.convert(127) | Converting 'BigInteger[]' value '[Ljava.math.BigInteger;@783b67a7' to type 'BigInteger[]'
DEBUG - AbstractConverter.convert(149) |     No conversion required, value is already a BigInteger[]
DEBUG - AbstractConverter.setDefaultValue(336) | Setting default value: [Ljava.lang.Boolean;@4ad311da
DEBUG - AbstractConverter.convert(127) | Converting 'Boolean[]' value '[Ljava.lang.Boolean;@4ad311da' to type 'Boolean[]'
DEBUG - AbstractConverter.convert(149) |     No conversion required, value is already a Boolean[]
DEBUG - AbstractConverter.setDefaultValue(336) | Setting default value: [Ljava.lang.Byte;@58d2cfcb
DEBUG - AbstractConverter.convert(127) | Converting 'Byte[]' value '[Ljava.lang.Byte;@58d2cfcb' to type 'Byte[]'
DEBUG - AbstractConverter.convert(149) |     No conversion required, value is already a Byte[]
DEBUG - AbstractConverter.setDefaultValue(336) | Setting default value: [Ljava.lang.Character;@50ea9f6e
DEBUG - AbstractConverter.convert(127) | Converting 'Character[]' value '[Ljava.lang.Character;@50ea9f6e' to type 'Character[]'
DEBUG - AbstractConverter.convert(149) |     No conversion required, value is already a Character[]
DEBUG - AbstractConverter.setDefaultValue(336) | Setting default value: [Ljava.lang.Double;@597c401
DEBUG - AbstractConverter.convert(127) | Converting 'Double[]' value '[Ljava.lang.Double;@597c401' to type 'Double[]'
DEBUG - AbstractConverter.convert(149) |     No conversion required, value is already a Double[]
DEBUG - AbstractConverter.setDefaultValue(336) | Setting default value: [Ljava.lang.Float;@fda13c0
DEBUG - AbstractConverter.convert(127) | Converting 'Float[]' value '[Ljava.lang.Float;@fda13c0' to type 'Float[]'
DEBUG - AbstractConverter.convert(149) |     No conversion required, value is already a Float[]
DEBUG - AbstractConverter.setDefaultValue(336) | Setting default value: [Ljava.lang.Integer;@595be21d
DEBUG - AbstractConverter.convert(127) | Converting 'Integer[]' value '[Ljava.lang.Integer;@595be21d' to type 'Integer[]'
DEBUG - AbstractConverter.convert(149) |     No conversion required, value is already a Integer[]
DEBUG - AbstractConverter.setDefaultValue(336) | Setting default value: [Ljava.lang.Long;@50b97a54
DEBUG - AbstractConverter.convert(127) | Converting 'Long[]' value '[Ljava.lang.Long;@50b97a54' to type 'Long[]'
DEBUG - AbstractConverter.convert(149) |     No conversion required, value is already a Long[]
DEBUG - AbstractConverter.setDefaultValue(336) | Setting default value: [Ljava.lang.Short;@11297ba3
DEBUG - AbstractConverter.convert(127) | Converting 'Short[]' value '[Ljava.lang.Short;@11297ba3' to type 'Short[]'
DEBUG - AbstractConverter.convert(149) |     No conversion required, value is already a Short[]
DEBUG - AbstractConverter.setDefaultValue(336) | Setting default value: [Ljava.lang.String;@1a943b29
DEBUG - AbstractConverter.convert(127) | Converting 'String[]' value '[Ljava.lang.String;@1a943b29' to type 'String[]'
DEBUG - AbstractConverter.convert(149) |     No conversion required, value is already a String[]
DEBUG - AbstractConverter.setDefaultValue(336) | Setting default value: [Ljava.lang.Class;@79b80e60
DEBUG - AbstractConverter.convert(127) | Converting 'Class[]' value '[Ljava.lang.Class;@79b80e60' to type 'Class[]'
DEBUG - AbstractConverter.convert(149) |     No conversion required, value is already a Class[]
DEBUG - AbstractConverter.setDefaultValue(336) | Setting default value: [Ljava.util.Date;@5dca01f0
DEBUG - AbstractConverter.convert(127) | Converting 'Date[]' value '[Ljava.util.Date;@5dca01f0' to type 'Date[]'
DEBUG - AbstractConverter.convert(149) |     No conversion required, value is already a Date[]
DEBUG - AbstractConverter.setDefaultValue(336) | Setting default value: [Ljava.util.Calendar;@3a926c19
DEBUG - AbstractConverter.convert(127) | Converting 'Calendar[]' value '[Ljava.util.Calendar;@3a926c19' to type 'Calendar[]'
DEBUG - AbstractConverter.convert(149) |     No conversion required, value is already a Calendar[]
DEBUG - AbstractConverter.setDefaultValue(336) | Setting default value: [Ljava.io.File;@44efc2d1
DEBUG - AbstractConverter.convert(127) | Converting 'java.io.File[]' value '[Ljava.io.File;@44efc2d1' to type 'java.io.File[]'
DEBUG - AbstractConverter.convert(149) |     No conversion required, value is already a java.io.File[]
DEBUG - AbstractConverter.setDefaultValue(336) | Setting default value: [Ljava.sql.Date;@2ba119b3
DEBUG - AbstractConverter.convert(127) | Converting 'java.sql.Date[]' value '[Ljava.sql.Date;@2ba119b3' to type 'java.sql.Date[]'
DEBUG - AbstractConverter.convert(149) |     No conversion required, value is already a java.sql.Date[]
DEBUG - AbstractConverter.setDefaultValue(336) | Setting default value: [Ljava.sql.Time;@58bf7b3e
DEBUG - AbstractConverter.convert(127) | Converting 'java.sql.Time[]' value '[Ljava.sql.Time;@58bf7b3e' to type 'java.sql.Time[]'
DEBUG - AbstractConverter.convert(149) |     No conversion required, value is already a java.sql.Time[]
DEBUG - AbstractConverter.setDefaultValue(336) | Setting default value: [Ljava.sql.Timestamp;@5faf89c5
DEBUG - AbstractConverter.convert(127) | Converting 'java.sql.Timestamp[]' value '[Ljava.sql.Timestamp;@5faf89c5' to type 'java.sql.Timestamp[]'
DEBUG - AbstractConverter.convert(149) |     No conversion required, value is already a java.sql.Timestamp[]
DEBUG - AbstractConverter.setDefaultValue(336) | Setting default value: [Ljava.net.URL;@60bb6b37
DEBUG - AbstractConverter.convert(127) | Converting 'java.net.URL[]' value '[Ljava.net.URL;@60bb6b37' to type 'java.net.URL[]'
DEBUG - AbstractConverter.convert(149) |     No conversion required, value is already a java.net.URL[]
DEBUG - ConvertUtilsBean.convert(460) | Convert string '/' to class 'int'
TRACE - ConvertUtilsBean.convert(468) |   Using converter ConverterFacade[IntegerConverter[UseDefault=true, UseLocaleFormat=false]]
DEBUG - AbstractConverter.convert(127) | Converting 'String' value '/' to type 'Integer'
DEBUG - NumberConverter.convertToType(266) |     No NumberFormat, using default conversion
DEBUG - AbstractConverter.handleError(249) |     Conversion threw java.lang.NumberFormatException: For input string: "/"
DEBUG - AbstractConverter.handleMissing(303) |     Using default Integer value '0'
DEBUG - ConvertUtilsBean.convert(460) | Convert string 'favicon.ico' to class 'int'
TRACE - ConvertUtilsBean.convert(468) |   Using converter ConverterFacade[IntegerConverter[UseDefault=true, UseLocaleFormat=false]]
DEBUG - AbstractConverter.convert(127) | Converting 'String' value 'favicon.ico' to type 'Integer'
DEBUG - NumberConverter.convertToType(266) |     No NumberFormat, using default conversion
DEBUG - AbstractConverter.handleError(249) |     Conversion threw java.lang.NumberFormatException: For input string: "favicon.ico"
DEBUG - AbstractConverter.handleMissing(303) |     Using default Integer value '0'
DEBUG - ConvertUtilsBean.convert(460) | Convert string 'favicon.ico' to class 'int'
TRACE - ConvertUtilsBean.convert(468) |   Using converter ConverterFacade[IntegerConverter[UseDefault=true, UseLocaleFormat=false]]
DEBUG - AbstractConverter.convert(127) | Converting 'String' value 'favicon.ico' to type 'Integer'
DEBUG - NumberConverter.convertToType(266) |     No NumberFormat, using default conversion
DEBUG - AbstractConverter.handleError(249) |     Conversion threw java.lang.NumberFormatException: For input string: "favicon.ico"
DEBUG - AbstractConverter.handleMissing(303) |     Using default Integer value '0'
DEBUG - ConvertUtilsBean.convert(460) | Convert string 'favicon.ico' to class 'int'
TRACE - ConvertUtilsBean.convert(468) |   Using converter ConverterFacade[IntegerConverter[UseDefault=true, UseLocaleFormat=false]]
DEBUG - AbstractConverter.convert(127) | Converting 'String' value 'favicon.ico' to type 'Integer'
DEBUG - NumberConverter.convertToType(266) |     No NumberFormat, using default conversion
DEBUG - AbstractConverter.handleError(249) |     Conversion threw java.lang.NumberFormatException: For input string: "favicon.ico"
DEBUG - AbstractConverter.handleMissing(303) |     Using default Integer value '0'
DEBUG - ConvertUtilsBean.convert(460) | Convert string 'favicon.ico' to class 'int'
TRACE - ConvertUtilsBean.convert(468) |   Using converter ConverterFacade[IntegerConverter[UseDefault=true, UseLocaleFormat=false]]
DEBUG - AbstractConverter.convert(127) | Converting 'String' value 'favicon.ico' to type 'Integer'
DEBUG - NumberConverter.convertToType(266) |     No NumberFormat, using default conversion
DEBUG - AbstractConverter.handleError(249) |     Conversion threw java.lang.NumberFormatException: For input string: "favicon.ico"
DEBUG - AbstractConverter.handleMissing(303) |     Using default Integer value '0'
DEBUG - ConvertUtilsBean.convert(460) | Convert string 'favicon.ico' to class 'int'
TRACE - ConvertUtilsBean.convert(468) |   Using converter ConverterFacade[IntegerConverter[UseDefault=true, UseLocaleFormat=false]]
DEBUG - AbstractConverter.convert(127) | Converting 'String' value 'favicon.ico' to type 'Integer'
DEBUG - NumberConverter.convertToType(266) |     No NumberFormat, using default conversion
DEBUG - AbstractConverter.handleError(249) |     Conversion threw java.lang.NumberFormatException: For input string: "favicon.ico"
DEBUG - AbstractConverter.handleMissing(303) |     Using default Integer value '0'
DEBUG - ConvertUtilsBean.convert(460) | Convert string 'favicon.ico' to class 'int'
TRACE - ConvertUtilsBean.convert(468) |   Using converter ConverterFacade[IntegerConverter[UseDefault=true, UseLocaleFormat=false]]
DEBUG - AbstractConverter.convert(127) | Converting 'String' value 'favicon.ico' to type 'Integer'
DEBUG - NumberConverter.convertToType(266) |     No NumberFormat, using default conversion
DEBUG - AbstractConverter.handleError(249) |     Conversion threw java.lang.NumberFormatException: For input string: "favicon.ico"
DEBUG - AbstractConverter.handleMissing(303) |     Using default Integer value '0'
