2013-03-31 15:00:05,822 INFO [main] c.k.p.f.l.StartupListener [StartupListener.java:94] Pragmatach configuration loaded from class 'com.khubla.pragmatach.framework.configuration.PropertiesFileConfigurationImpl'
2013-03-31 15:00:06,416 INFO [main] c.k.p.f.c.ControllerClasses [ControllerClasses.java:43] Found controller 'com.khubla.pragmatach.plugin.adminapp.ShowRouteCacheController'
2013-03-31 15:00:06,416 INFO [main] c.k.p.f.c.ControllerClasses [ControllerClasses.java:43] Found controller 'com.khubla.pragmatach.plugin.adminapp.ShowJVMController'
2013-03-31 15:00:06,416 INFO [main] c.k.p.f.c.ControllerClasses [ControllerClasses.java:43] Found controller 'com.khubla.pragmatach.plugin.adminapp.ShowEnvironmentController'
2013-03-31 15:00:06,417 INFO [main] c.k.p.f.c.ControllerClasses [ControllerClasses.java:43] Found controller 'com.khubla.pragmatach.framework.controller.impl.DefaultContextRootController'
2013-03-31 15:00:06,417 INFO [main] c.k.p.f.c.ControllerClasses [ControllerClasses.java:43] Found controller 'com.khubla.pragmatach.plugin.adminapp.ShowRoutesController'
2013-03-31 15:00:06,417 INFO [main] c.k.p.f.c.ControllerClasses [ControllerClasses.java:43] Found controller 'com.khubla.pragmatach.plugin.adminapp.ShowI8NController'
2013-03-31 15:00:06,417 INFO [main] c.k.p.f.c.ControllerClasses [ControllerClasses.java:43] Found controller 'com.khubla.pragmatach.plugin.adminapp.AdminLoginController'
2013-03-31 15:00:06,417 INFO [main] c.k.p.f.c.ControllerClasses [ControllerClasses.java:43] Found controller 'com.khubla.pragmatach.plugin.adminapp.BaseAdminController'
2013-03-31 15:00:06,417 INFO [main] c.k.p.f.c.ControllerClasses [ControllerClasses.java:43] Found controller 'com.khubla.pragmatach.plugin.adminapp.ShowControllersController'
2013-03-31 15:00:06,417 INFO [main] c.k.p.f.c.ControllerClasses [ControllerClasses.java:43] Found controller 'com.khubla.pragmatach.framework.controller.impl.system.HttpErrorController'
2013-03-31 15:00:06,418 INFO [main] c.k.p.f.c.ControllerClasses [ControllerClasses.java:43] Found controller 'com.khubla.pragmatach.plugin.adminapp.ShowServerController'
2013-03-31 15:00:06,418 INFO [main] c.k.p.f.c.ControllerClasses [ControllerClasses.java:43] Found controller 'com.khubla.pragmatach.plugin.adminapp.ShowNetworkController'
2013-03-31 15:00:06,418 INFO [main] c.k.p.f.c.ControllerClasses [ControllerClasses.java:43] Found controller 'com.khubla.pragmatach.plugin.adminapp.AdminUserController'
2013-03-31 15:00:06,418 INFO [main] c.k.p.f.c.ControllerClasses [ControllerClasses.java:43] Found controller 'com.khubla.pragmatach.framework.controller.impl.NotFoundController'
2013-03-31 15:00:06,418 INFO [main] c.k.p.f.c.ControllerClasses [ControllerClasses.java:43] Found controller 'com.khubla.pragmatach.plugin.adminapp.ShowApplicationController'
2013-03-31 15:00:06,418 INFO [main] c.k.p.f.c.ControllerClasses [ControllerClasses.java:43] Found controller 'com.khubla.pragmatach.framework.controller.impl.StaticResourceController'
2013-03-31 15:00:06,419 INFO [main] c.k.p.f.c.ControllerClasses [ControllerClasses.java:43] Found controller 'com.khubla.pragmatach.examples.jsonexample.IndexController'
2013-03-31 15:00:06,419 INFO [main] c.k.p.f.c.ControllerClasses [ControllerClasses.java:43] Found controller 'com.khubla.pragmatach.plugin.adminapp.ShowCookiesController'
2013-03-31 15:00:06,419 INFO [main] c.k.p.f.c.ControllerClasses [ControllerClasses.java:43] Found controller 'com.khubla.pragmatach.framework.controller.impl.TrivialController'
2013-03-31 15:00:06,419 INFO [main] c.k.p.f.c.ControllerClasses [ControllerClasses.java:43] Found controller 'com.khubla.pragmatach.plugin.adminapp.ShowConfigurationController'
2013-03-31 15:00:06,419 INFO [main] c.k.p.f.c.ControllerClasses [ControllerClasses.java:43] Found controller 'com.khubla.pragmatach.plugin.adminapp.AdminController'
2013-03-31 15:00:06,419 INFO [main] c.k.p.f.c.ControllerClasses [ControllerClasses.java:43] Found controller 'com.khubla.pragmatach.plugin.adminapp.ShowPluginsController'
2013-03-31 15:00:06,422 INFO [main] c.k.p.f.c.ControllerClasses [ControllerClasses.java:56] Found router method 'com.khubla.pragmatach.plugin.adminapp.ShowRouteCacheController:clearCache' with route specification '/pragmatach/admin/routecache/clear'
2013-03-31 15:00:06,422 INFO [main] c.k.p.f.c.ControllerClasses [ControllerClasses.java:56] Found router method 'com.khubla.pragmatach.plugin.adminapp.ShowRouteCacheController:render' with route specification '/pragmatach/admin/routecache'
2013-03-31 15:00:06,423 INFO [main] c.k.p.f.c.ControllerClasses [ControllerClasses.java:56] Found router method 'com.khubla.pragmatach.plugin.adminapp.BaseAdminController:logout' with route specification 'pragmatach/admin/logout'
2013-03-31 15:00:06,423 INFO [main] c.k.p.f.c.ControllerClasses [ControllerClasses.java:56] Found router method 'com.khubla.pragmatach.plugin.adminapp.ShowJVMController:render' with route specification '/pragmatach/admin/jvm'
2013-03-31 15:00:06,423 INFO [main] c.k.p.f.c.ControllerClasses [ControllerClasses.java:56] Found router method 'com.khubla.pragmatach.plugin.adminapp.BaseAdminController:logout' with route specification 'pragmatach/admin/logout'
2013-03-31 15:00:06,423 INFO [main] c.k.p.f.c.ControllerClasses [ControllerClasses.java:56] Found router method 'com.khubla.pragmatach.plugin.adminapp.ShowEnvironmentController:render' with route specification '/pragmatach/admin/environment'
2013-03-31 15:00:06,424 INFO [main] c.k.p.f.c.ControllerClasses [ControllerClasses.java:56] Found router method 'com.khubla.pragmatach.plugin.adminapp.BaseAdminController:logout' with route specification 'pragmatach/admin/logout'
2013-03-31 15:00:06,424 INFO [main] c.k.p.f.c.ControllerClasses [ControllerClasses.java:56] Found router method 'com.khubla.pragmatach.framework.controller.impl.DefaultContextRootController:render' with route specification '/*'
2013-03-31 15:00:06,424 INFO [main] c.k.p.f.c.ControllerClasses [ControllerClasses.java:56] Found router method 'com.khubla.pragmatach.plugin.adminapp.ShowRoutesController:render' with route specification '/pragmatach/admin/routes'
2013-03-31 15:00:06,424 INFO [main] c.k.p.f.c.ControllerClasses [ControllerClasses.java:56] Found router method 'com.khubla.pragmatach.plugin.adminapp.BaseAdminController:logout' with route specification 'pragmatach/admin/logout'
2013-03-31 15:00:06,425 INFO [main] c.k.p.f.c.ControllerClasses [ControllerClasses.java:56] Found router method 'com.khubla.pragmatach.plugin.adminapp.ShowI8NController:render' with route specification '/pragmatach/admin/i8n'
2013-03-31 15:00:06,425 INFO [main] c.k.p.f.c.ControllerClasses [ControllerClasses.java:56] Found router method 'com.khubla.pragmatach.plugin.adminapp.BaseAdminController:logout' with route specification 'pragmatach/admin/logout'
2013-03-31 15:00:06,425 INFO [main] c.k.p.f.c.ControllerClasses [ControllerClasses.java:56] Found router method 'com.khubla.pragmatach.plugin.adminapp.AdminLoginController:render' with route specification '/pragmatach/admin/login'
2013-03-31 15:00:06,425 INFO [main] c.k.p.f.c.ControllerClasses [ControllerClasses.java:56] Found router method 'com.khubla.pragmatach.plugin.adminapp.AdminLoginController:doLogin' with route specification '/pragmatach/admin/login/doLogin'
2013-03-31 15:00:06,426 INFO [main] c.k.p.f.c.ControllerClasses [ControllerClasses.java:56] Found router method 'com.khubla.pragmatach.plugin.adminapp.BaseAdminController:logout' with route specification 'pragmatach/admin/logout'
2013-03-31 15:00:06,426 INFO [main] c.k.p.f.c.ControllerClasses [ControllerClasses.java:56] Found router method 'com.khubla.pragmatach.plugin.adminapp.BaseAdminController:logout' with route specification 'pragmatach/admin/logout'
2013-03-31 15:00:06,426 INFO [main] c.k.p.f.c.ControllerClasses [ControllerClasses.java:56] Found router method 'com.khubla.pragmatach.plugin.adminapp.ShowControllersController:render' with route specification '/pragmatach/admin/controllers'
2013-03-31 15:00:06,427 INFO [main] c.k.p.f.c.ControllerClasses [ControllerClasses.java:56] Found router method 'com.khubla.pragmatach.plugin.adminapp.BaseAdminController:logout' with route specification 'pragmatach/admin/logout'
2013-03-31 15:00:06,427 INFO [main] c.k.p.f.c.ControllerClasses [ControllerClasses.java:56] Found router method 'com.khubla.pragmatach.plugin.adminapp.ShowNetworkController:render' with route specification '/pragmatach/admin/network'
2013-03-31 15:00:06,427 INFO [main] c.k.p.f.c.ControllerClasses [ControllerClasses.java:56] Found router method 'com.khubla.pragmatach.plugin.adminapp.BaseAdminController:logout' with route specification 'pragmatach/admin/logout'
2013-03-31 15:00:06,427 INFO [main] c.k.p.f.c.ControllerClasses [ControllerClasses.java:56] Found router method 'com.khubla.pragmatach.plugin.adminapp.ShowServerController:render' with route specification '/pragmatach/admin/server'
2013-03-31 15:00:06,428 INFO [main] c.k.p.f.c.ControllerClasses [ControllerClasses.java:56] Found router method 'com.khubla.pragmatach.plugin.adminapp.BaseAdminController:logout' with route specification 'pragmatach/admin/logout'
2013-03-31 15:00:06,428 INFO [main] c.k.p.f.c.ControllerClasses [ControllerClasses.java:56] Found router method 'com.khubla.pragmatach.plugin.adminapp.ShowApplicationController:render' with route specification '/pragmatach/admin/application'
2013-03-31 15:00:06,428 INFO [main] c.k.p.f.c.ControllerClasses [ControllerClasses.java:56] Found router method 'com.khubla.pragmatach.plugin.adminapp.BaseAdminController:logout' with route specification 'pragmatach/admin/logout'
2013-03-31 15:00:06,428 INFO [main] c.k.p.f.c.ControllerClasses [ControllerClasses.java:56] Found router method 'com.khubla.pragmatach.framework.controller.impl.StaticResourceController:render' with route specification '/public/*'
2013-03-31 15:00:06,428 INFO [main] c.k.p.f.c.ControllerClasses [ControllerClasses.java:56] Found router method 'com.khubla.pragmatach.examples.jsonexample.IndexController:render' with route specification '/'
2013-03-31 15:00:06,429 INFO [main] c.k.p.f.c.ControllerClasses [ControllerClasses.java:56] Found router method 'com.khubla.pragmatach.plugin.adminapp.ShowCookiesController:render' with route specification '/pragmatach/admin/cookies'
2013-03-31 15:00:06,429 INFO [main] c.k.p.f.c.ControllerClasses [ControllerClasses.java:56] Found router method 'com.khubla.pragmatach.plugin.adminapp.ShowCookiesController:clearCookies' with route specification '/pragmatach/admin/cookies/clearCookies'
2013-03-31 15:00:06,429 INFO [main] c.k.p.f.c.ControllerClasses [ControllerClasses.java:56] Found router method 'com.khubla.pragmatach.plugin.adminapp.BaseAdminController:logout' with route specification 'pragmatach/admin/logout'
2013-03-31 15:00:06,429 INFO [main] c.k.p.f.c.ControllerClasses [ControllerClasses.java:56] Found router method 'com.khubla.pragmatach.plugin.adminapp.ShowConfigurationController:render' with route specification '/pragmatach/admin/configuration'
2013-03-31 15:00:06,430 INFO [main] c.k.p.f.c.ControllerClasses [ControllerClasses.java:56] Found router method 'com.khubla.pragmatach.plugin.adminapp.BaseAdminController:logout' with route specification 'pragmatach/admin/logout'
2013-03-31 15:00:06,430 INFO [main] c.k.p.f.c.ControllerClasses [ControllerClasses.java:56] Found router method 'com.khubla.pragmatach.plugin.adminapp.AdminController:render' with route specification '/pragmatach/admin'
2013-03-31 15:00:06,430 INFO [main] c.k.p.f.c.ControllerClasses [ControllerClasses.java:56] Found router method 'com.khubla.pragmatach.plugin.adminapp.BaseAdminController:logout' with route specification 'pragmatach/admin/logout'
2013-03-31 15:00:06,430 INFO [main] c.k.p.f.c.ControllerClasses [ControllerClasses.java:56] Found router method 'com.khubla.pragmatach.plugin.adminapp.ShowPluginsController:render' with route specification '/pragmatach/admin/plugins'
2013-03-31 15:00:06,430 INFO [main] c.k.p.f.c.ControllerClasses [ControllerClasses.java:56] Found router method 'com.khubla.pragmatach.plugin.adminapp.BaseAdminController:logout' with route specification 'pragmatach/admin/logout'
2013-03-31 15:00:06,599 INFO [main] c.k.p.f.p.PluginDescriptors [PluginDescriptors.java:53] Found plugin: AdminApp
2013-03-31 15:00:06,606 INFO [main] c.k.p.f.p.PluginDescriptors [PluginDescriptors.java:53] Found plugin: Framework
2013-03-31 15:00:06,610 INFO [main] c.k.p.f.p.PluginDescriptors [PluginDescriptors.java:53] Found plugin: Freemarker
2013-03-31 15:00:06,611 INFO [main] c.k.p.f.p.PluginDescriptors [PluginDescriptors.java:53] Found plugin: JSON
2013-03-31 15:00:06,666 INFO [main] c.k.p.f.l.StartupListener [StartupListener.java:117] Ordered GET routes
2013-03-31 15:00:06,666 INFO [main] c.k.p.f.l.StartupListener [StartupListener.java:119] GET /pragmatach/admin/configuration com.khubla.pragmatach.plugin.adminapp.ShowConfigurationController:render
2013-03-31 15:00:06,666 INFO [main] c.k.p.f.l.StartupListener [StartupListener.java:119] GET /pragmatach/admin/jvm com.khubla.pragmatach.plugin.adminapp.ShowJVMController:render
2013-03-31 15:00:06,667 INFO [main] c.k.p.f.l.StartupListener [StartupListener.java:119] GET /pragmatach/admin/i8n com.khubla.pragmatach.plugin.adminapp.ShowI8NController:render
2013-03-31 15:00:06,667 INFO [main] c.k.p.f.l.StartupListener [StartupListener.java:119] GET /pragmatach/admin/login com.khubla.pragmatach.plugin.adminapp.AdminLoginController:render
2013-03-31 15:00:06,667 INFO [main] c.k.p.f.l.StartupListener [StartupListener.java:119] GET /pragmatach/admin/plugins com.khubla.pragmatach.plugin.adminapp.ShowPluginsController:render
2013-03-31 15:00:06,667 INFO [main] c.k.p.f.l.StartupListener [StartupListener.java:119] GET /pragmatach/admin/network com.khubla.pragmatach.plugin.adminapp.ShowNetworkController:render
2013-03-31 15:00:06,667 INFO [main] c.k.p.f.l.StartupListener [StartupListener.java:119] GET /pragmatach/admin/environment com.khubla.pragmatach.plugin.adminapp.ShowEnvironmentController:render
2013-03-31 15:00:06,667 INFO [main] c.k.p.f.l.StartupListener [StartupListener.java:119] GET /pragmatach/admin/controllers com.khubla.pragmatach.plugin.adminapp.ShowControllersController:render
2013-03-31 15:00:06,667 INFO [main] c.k.p.f.l.StartupListener [StartupListener.java:119] GET /pragmatach/admin/routecache com.khubla.pragmatach.plugin.adminapp.ShowRouteCacheController:render
2013-03-31 15:00:06,668 INFO [main] c.k.p.f.l.StartupListener [StartupListener.java:119] GET /pragmatach/admin/server com.khubla.pragmatach.plugin.adminapp.ShowServerController:render
2013-03-31 15:00:06,668 INFO [main] c.k.p.f.l.StartupListener [StartupListener.java:119] GET /pragmatach/admin/cookies com.khubla.pragmatach.plugin.adminapp.ShowCookiesController:render
2013-03-31 15:00:06,668 INFO [main] c.k.p.f.l.StartupListener [StartupListener.java:119] GET /pragmatach/admin/application com.khubla.pragmatach.plugin.adminapp.ShowApplicationController:render
2013-03-31 15:00:06,668 INFO [main] c.k.p.f.l.StartupListener [StartupListener.java:119] GET /pragmatach/admin/routes com.khubla.pragmatach.plugin.adminapp.ShowRoutesController:render
2013-03-31 15:00:06,668 INFO [main] c.k.p.f.l.StartupListener [StartupListener.java:119] GET /pragmatach/admin com.khubla.pragmatach.plugin.adminapp.AdminController:render
2013-03-31 15:00:06,668 INFO [main] c.k.p.f.l.StartupListener [StartupListener.java:119] GET / com.khubla.pragmatach.examples.jsonexample.IndexController:render
2013-03-31 15:00:06,669 INFO [main] c.k.p.f.l.StartupListener [StartupListener.java:119] GET pragmatach/admin/logout com.khubla.pragmatach.plugin.adminapp.BaseAdminController:logout
2013-03-31 15:00:06,669 INFO [main] c.k.p.f.l.StartupListener [StartupListener.java:119] GET /public/* com.khubla.pragmatach.framework.controller.impl.StaticResourceController:render
2013-03-31 15:00:06,669 INFO [main] c.k.p.f.l.StartupListener [StartupListener.java:119] GET /* com.khubla.pragmatach.framework.controller.impl.DefaultContextRootController:render
2013-03-31 15:00:06,669 INFO [main] c.k.p.f.l.StartupListener [StartupListener.java:124] Ordered POST routes
2013-03-31 15:00:06,669 INFO [main] c.k.p.f.l.StartupListener [StartupListener.java:126] POST /pragmatach/admin/cookies/clearCookies com.khubla.pragmatach.plugin.adminapp.ShowCookiesController:clearCookies
2013-03-31 15:00:06,669 INFO [main] c.k.p.f.l.StartupListener [StartupListener.java:126] POST /pragmatach/admin/login/doLogin com.khubla.pragmatach.plugin.adminapp.AdminLoginController:doLogin
2013-03-31 15:00:06,669 INFO [main] c.k.p.f.l.StartupListener [StartupListener.java:126] POST /pragmatach/admin/routecache/clear com.khubla.pragmatach.plugin.adminapp.ShowRouteCacheController:clearCache
2013-03-31 15:00:17,297 INFO [qtp1912078839-48] c.k.p.f.r.ResourceLoader [ResourceLoader.java:81] Unable to load resource '/public/system/bootstrap/css/bootstrap.css'
2013-03-31 15:00:17,297 INFO [qtp1912078839-46] c.k.p.f.r.ResourceLoader [ResourceLoader.java:81] Unable to load resource '/public/system/jquery.js'
2013-03-31 15:00:17,655 INFO [qtp1912078839-45] c.k.p.f.r.ResourceLoader [ResourceLoader.java:81] Unable to load resource '/public/system/bootstrap/js/bootstrap.js'
2013-03-31 15:14:47,337 INFO [main] c.k.p.f.l.StartupListener [StartupListener.java:94] Pragmatach configuration loaded from class 'com.khubla.pragmatach.framework.configuration.PropertiesFileConfigurationImpl'
2013-03-31 15:14:47,967 INFO [main] c.k.p.f.c.ControllerClasses [ControllerClasses.java:43] Found controller 'com.khubla.pragmatach.framework.controller.impl.StaticResourceController'
2013-03-31 15:14:47,967 INFO [main] c.k.p.f.c.ControllerClasses [ControllerClasses.java:43] Found controller 'com.khubla.pragmatach.plugin.adminapp.ShowJVMController'
2013-03-31 15:14:47,968 INFO [main] c.k.p.f.c.ControllerClasses [ControllerClasses.java:43] Found controller 'com.khubla.pragmatach.plugin.adminapp.ShowPluginsController'
2013-03-31 15:14:47,968 INFO [main] c.k.p.f.c.ControllerClasses [ControllerClasses.java:43] Found controller 'com.khubla.pragmatach.framework.controller.impl.NotFoundController'
2013-03-31 15:14:47,968 INFO [main] c.k.p.f.c.ControllerClasses [ControllerClasses.java:43] Found controller 'com.khubla.pragmatach.plugin.adminapp.ShowRoutesController'
2013-03-31 15:14:47,968 INFO [main] c.k.p.f.c.ControllerClasses [ControllerClasses.java:43] Found controller 'com.khubla.pragmatach.examples.jsonexample.IndexController'
2013-03-31 15:14:47,969 INFO [main] c.k.p.f.c.ControllerClasses [ControllerClasses.java:43] Found controller 'com.khubla.pragmatach.plugin.adminapp.ShowControllersController'
2013-03-31 15:14:47,969 INFO [main] c.k.p.f.c.ControllerClasses [ControllerClasses.java:43] Found controller 'com.khubla.pragmatach.plugin.adminapp.ShowCookiesController'
2013-03-31 15:14:47,969 INFO [main] c.k.p.f.c.ControllerClasses [ControllerClasses.java:43] Found controller 'com.khubla.pragmatach.plugin.adminapp.AdminLoginController'
2013-03-31 15:14:47,969 INFO [main] c.k.p.f.c.ControllerClasses [ControllerClasses.java:43] Found controller 'com.khubla.pragmatach.plugin.adminapp.ShowServerController'
2013-03-31 15:14:47,969 INFO [main] c.k.p.f.c.ControllerClasses [ControllerClasses.java:43] Found controller 'com.khubla.pragmatach.plugin.adminapp.ShowApplicationController'
2013-03-31 15:14:47,970 INFO [main] c.k.p.f.c.ControllerClasses [ControllerClasses.java:43] Found controller 'com.khubla.pragmatach.plugin.adminapp.ShowRouteCacheController'
2013-03-31 15:14:47,970 INFO [main] c.k.p.f.c.ControllerClasses [ControllerClasses.java:43] Found controller 'com.khubla.pragmatach.plugin.adminapp.AdminController'
2013-03-31 15:14:47,970 INFO [main] c.k.p.f.c.ControllerClasses [ControllerClasses.java:43] Found controller 'com.khubla.pragmatach.plugin.adminapp.ShowNetworkController'
2013-03-31 15:14:47,970 INFO [main] c.k.p.f.c.ControllerClasses [ControllerClasses.java:43] Found controller 'com.khubla.pragmatach.framework.controller.impl.TrivialController'
2013-03-31 15:14:47,970 INFO [main] c.k.p.f.c.ControllerClasses [ControllerClasses.java:43] Found controller 'com.khubla.pragmatach.plugin.adminapp.ShowEnvironmentController'
2013-03-31 15:14:47,971 INFO [main] c.k.p.f.c.ControllerClasses [ControllerClasses.java:43] Found controller 'com.khubla.pragmatach.plugin.adminapp.BaseAdminController'
2013-03-31 15:14:47,971 INFO [main] c.k.p.f.c.ControllerClasses [ControllerClasses.java:43] Found controller 'com.khubla.pragmatach.framework.controller.impl.DefaultContextRootController'
2013-03-31 15:14:47,971 INFO [main] c.k.p.f.c.ControllerClasses [ControllerClasses.java:43] Found controller 'com.khubla.pragmatach.plugin.adminapp.AdminUserController'
2013-03-31 15:14:47,971 INFO [main] c.k.p.f.c.ControllerClasses [ControllerClasses.java:43] Found controller 'com.khubla.pragmatach.framework.controller.impl.system.HttpErrorController'
2013-03-31 15:14:47,971 INFO [main] c.k.p.f.c.ControllerClasses [ControllerClasses.java:43] Found controller 'com.khubla.pragmatach.plugin.adminapp.ShowI8NController'
2013-03-31 15:14:47,972 INFO [main] c.k.p.f.c.ControllerClasses [ControllerClasses.java:43] Found controller 'com.khubla.pragmatach.plugin.adminapp.ShowConfigurationController'
2013-03-31 15:14:47,975 INFO [main] c.k.p.f.c.ControllerClasses [ControllerClasses.java:56] Found router method 'com.khubla.pragmatach.framework.controller.impl.StaticResourceController:render' with route specification '/public/*'
2013-03-31 15:14:47,975 INFO [main] c.k.p.f.c.ControllerClasses [ControllerClasses.java:56] Found router method 'com.khubla.pragmatach.plugin.adminapp.ShowJVMController:render' with route specification '/pragmatach/admin/jvm'
2013-03-31 15:14:47,976 INFO [main] c.k.p.f.c.ControllerClasses [ControllerClasses.java:56] Found router method 'com.khubla.pragmatach.plugin.adminapp.BaseAdminController:logout' with route specification 'pragmatach/admin/logout'
2013-03-31 15:14:47,976 INFO [main] c.k.p.f.c.ControllerClasses [ControllerClasses.java:56] Found router method 'com.khubla.pragmatach.plugin.adminapp.ShowPluginsController:render' with route specification '/pragmatach/admin/plugins'
2013-03-31 15:14:47,976 INFO [main] c.k.p.f.c.ControllerClasses [ControllerClasses.java:56] Found router method 'com.khubla.pragmatach.plugin.adminapp.BaseAdminController:logout' with route specification 'pragmatach/admin/logout'
2013-03-31 15:14:47,977 INFO [main] c.k.p.f.c.ControllerClasses [ControllerClasses.java:56] Found router method 'com.khubla.pragmatach.plugin.adminapp.ShowRoutesController:render' with route specification '/pragmatach/admin/routes'
2013-03-31 15:14:47,977 INFO [main] c.k.p.f.c.ControllerClasses [ControllerClasses.java:56] Found router method 'com.khubla.pragmatach.plugin.adminapp.BaseAdminController:logout' with route specification 'pragmatach/admin/logout'
2013-03-31 15:14:47,977 INFO [main] c.k.p.f.c.ControllerClasses [ControllerClasses.java:56] Found router method 'com.khubla.pragmatach.examples.jsonexample.IndexController:render' with route specification '/'
2013-03-31 15:14:47,978 INFO [main] c.k.p.f.c.ControllerClasses [ControllerClasses.java:56] Found router method 'com.khubla.pragmatach.plugin.adminapp.ShowControllersController:render' with route specification '/pragmatach/admin/controllers'
2013-03-31 15:14:47,978 INFO [main] c.k.p.f.c.ControllerClasses [ControllerClasses.java:56] Found router method 'com.khubla.pragmatach.plugin.adminapp.BaseAdminController:logout' with route specification 'pragmatach/admin/logout'
2013-03-31 15:14:47,978 INFO [main] c.k.p.f.c.ControllerClasses [ControllerClasses.java:56] Found router method 'com.khubla.pragmatach.plugin.adminapp.ShowCookiesController:render' with route specification '/pragmatach/admin/cookies'
2013-03-31 15:14:47,979 INFO [main] c.k.p.f.c.ControllerClasses [ControllerClasses.java:56] Found router method 'com.khubla.pragmatach.plugin.adminapp.ShowCookiesController:clearCookies' with route specification '/pragmatach/admin/cookies/clearCookies'
2013-03-31 15:14:47,979 INFO [main] c.k.p.f.c.ControllerClasses [ControllerClasses.java:56] Found router method 'com.khubla.pragmatach.plugin.adminapp.BaseAdminController:logout' with route specification 'pragmatach/admin/logout'
2013-03-31 15:14:47,979 INFO [main] c.k.p.f.c.ControllerClasses [ControllerClasses.java:56] Found router method 'com.khubla.pragmatach.plugin.adminapp.AdminLoginController:render' with route specification '/pragmatach/admin/login'
2013-03-31 15:14:47,979 INFO [main] c.k.p.f.c.ControllerClasses [ControllerClasses.java:56] Found router method 'com.khubla.pragmatach.plugin.adminapp.AdminLoginController:doLogin' with route specification '/pragmatach/admin/login/doLogin'
2013-03-31 15:14:47,980 INFO [main] c.k.p.f.c.ControllerClasses [ControllerClasses.java:56] Found router method 'com.khubla.pragmatach.plugin.adminapp.BaseAdminController:logout' with route specification 'pragmatach/admin/logout'
2013-03-31 15:14:47,981 INFO [main] c.k.p.f.c.ControllerClasses [ControllerClasses.java:56] Found router method 'com.khubla.pragmatach.plugin.adminapp.ShowServerController:render' with route specification '/pragmatach/admin/server'
2013-03-31 15:14:47,981 INFO [main] c.k.p.f.c.ControllerClasses [ControllerClasses.java:56] Found router method 'com.khubla.pragmatach.plugin.adminapp.BaseAdminController:logout' with route specification 'pragmatach/admin/logout'
2013-03-31 15:14:47,981 INFO [main] c.k.p.f.c.ControllerClasses [ControllerClasses.java:56] Found router method 'com.khubla.pragmatach.plugin.adminapp.ShowApplicationController:render' with route specification '/pragmatach/admin/application'
2013-03-31 15:14:47,982 INFO [main] c.k.p.f.c.ControllerClasses [ControllerClasses.java:56] Found router method 'com.khubla.pragmatach.plugin.adminapp.BaseAdminController:logout' with route specification 'pragmatach/admin/logout'
2013-03-31 15:14:47,982 INFO [main] c.k.p.f.c.ControllerClasses [ControllerClasses.java:56] Found router method 'com.khubla.pragmatach.plugin.adminapp.ShowRouteCacheController:clearCache' with route specification '/pragmatach/admin/routecache/clear'
2013-03-31 15:14:47,982 INFO [main] c.k.p.f.c.ControllerClasses [ControllerClasses.java:56] Found router method 'com.khubla.pragmatach.plugin.adminapp.ShowRouteCacheController:render' with route specification '/pragmatach/admin/routecache'
2013-03-31 15:14:47,982 INFO [main] c.k.p.f.c.ControllerClasses [ControllerClasses.java:56] Found router method 'com.khubla.pragmatach.plugin.adminapp.BaseAdminController:logout' with route specification 'pragmatach/admin/logout'
2013-03-31 15:14:47,983 INFO [main] c.k.p.f.c.ControllerClasses [ControllerClasses.java:56] Found router method 'com.khubla.pragmatach.plugin.adminapp.AdminController:render' with route specification '/pragmatach/admin'
2013-03-31 15:14:47,983 INFO [main] c.k.p.f.c.ControllerClasses [ControllerClasses.java:56] Found router method 'com.khubla.pragmatach.plugin.adminapp.BaseAdminController:logout' with route specification 'pragmatach/admin/logout'
2013-03-31 15:14:47,983 INFO [main] c.k.p.f.c.ControllerClasses [ControllerClasses.java:56] Found router method 'com.khubla.pragmatach.plugin.adminapp.ShowNetworkController:render' with route specification '/pragmatach/admin/network'
2013-03-31 15:14:47,984 INFO [main] c.k.p.f.c.ControllerClasses [ControllerClasses.java:56] Found router method 'com.khubla.pragmatach.plugin.adminapp.BaseAdminController:logout' with route specification 'pragmatach/admin/logout'
2013-03-31 15:14:47,984 INFO [main] c.k.p.f.c.ControllerClasses [ControllerClasses.java:56] Found router method 'com.khubla.pragmatach.plugin.adminapp.ShowEnvironmentController:render' with route specification '/pragmatach/admin/environment'
2013-03-31 15:14:47,984 INFO [main] c.k.p.f.c.ControllerClasses [ControllerClasses.java:56] Found router method 'com.khubla.pragmatach.plugin.adminapp.BaseAdminController:logout' with route specification 'pragmatach/admin/logout'
2013-03-31 15:14:47,985 INFO [main] c.k.p.f.c.ControllerClasses [ControllerClasses.java:56] Found router method 'com.khubla.pragmatach.plugin.adminapp.BaseAdminController:logout' with route specification 'pragmatach/admin/logout'
2013-03-31 15:14:47,985 INFO [main] c.k.p.f.c.ControllerClasses [ControllerClasses.java:56] Found router method 'com.khubla.pragmatach.framework.controller.impl.DefaultContextRootController:render' with route specification '/*'
2013-03-31 15:14:47,985 INFO [main] c.k.p.f.c.ControllerClasses [ControllerClasses.java:56] Found router method 'com.khubla.pragmatach.plugin.adminapp.ShowI8NController:render' with route specification '/pragmatach/admin/i8n'
2013-03-31 15:14:47,986 INFO [main] c.k.p.f.c.ControllerClasses [ControllerClasses.java:56] Found router method 'com.khubla.pragmatach.plugin.adminapp.BaseAdminController:logout' with route specification 'pragmatach/admin/logout'
2013-03-31 15:14:47,986 INFO [main] c.k.p.f.c.ControllerClasses [ControllerClasses.java:56] Found router method 'com.khubla.pragmatach.plugin.adminapp.ShowConfigurationController:render' with route specification '/pragmatach/admin/configuration'
2013-03-31 15:14:47,986 INFO [main] c.k.p.f.c.ControllerClasses [ControllerClasses.java:56] Found router method 'com.khubla.pragmatach.plugin.adminapp.BaseAdminController:logout' with route specification 'pragmatach/admin/logout'
2013-03-31 15:14:48,156 INFO [main] c.k.p.f.p.PluginDescriptors [PluginDescriptors.java:53] Found plugin: AdminApp
2013-03-31 15:14:48,164 INFO [main] c.k.p.f.p.PluginDescriptors [PluginDescriptors.java:53] Found plugin: Framework
2013-03-31 15:14:48,168 INFO [main] c.k.p.f.p.PluginDescriptors [PluginDescriptors.java:53] Found plugin: Freemarker
2013-03-31 15:14:48,169 INFO [main] c.k.p.f.p.PluginDescriptors [PluginDescriptors.java:53] Found plugin: JSON
2013-03-31 15:14:48,224 INFO [main] c.k.p.f.l.StartupListener [StartupListener.java:117] Ordered GET routes
2013-03-31 15:14:48,224 INFO [main] c.k.p.f.l.StartupListener [StartupListener.java:119] GET /pragmatach/admin/configuration com.khubla.pragmatach.plugin.adminapp.ShowConfigurationController:render
2013-03-31 15:14:48,224 INFO [main] c.k.p.f.l.StartupListener [StartupListener.java:119] GET /pragmatach/admin/jvm com.khubla.pragmatach.plugin.adminapp.ShowJVMController:render
2013-03-31 15:14:48,224 INFO [main] c.k.p.f.l.StartupListener [StartupListener.java:119] GET /pragmatach/admin/i8n com.khubla.pragmatach.plugin.adminapp.ShowI8NController:render
2013-03-31 15:14:48,225 INFO [main] c.k.p.f.l.StartupListener [StartupListener.java:119] GET /pragmatach/admin/login com.khubla.pragmatach.plugin.adminapp.AdminLoginController:render
2013-03-31 15:14:48,225 INFO [main] c.k.p.f.l.StartupListener [StartupListener.java:119] GET /pragmatach/admin/plugins com.khubla.pragmatach.plugin.adminapp.ShowPluginsController:render
2013-03-31 15:14:48,225 INFO [main] c.k.p.f.l.StartupListener [StartupListener.java:119] GET /pragmatach/admin/network com.khubla.pragmatach.plugin.adminapp.ShowNetworkController:render
2013-03-31 15:14:48,225 INFO [main] c.k.p.f.l.StartupListener [StartupListener.java:119] GET /pragmatach/admin/environment com.khubla.pragmatach.plugin.adminapp.ShowEnvironmentController:render
2013-03-31 15:14:48,225 INFO [main] c.k.p.f.l.StartupListener [StartupListener.java:119] GET /pragmatach/admin/controllers com.khubla.pragmatach.plugin.adminapp.ShowControllersController:render
2013-03-31 15:14:48,225 INFO [main] c.k.p.f.l.StartupListener [StartupListener.java:119] GET /pragmatach/admin/routecache com.khubla.pragmatach.plugin.adminapp.ShowRouteCacheController:render
2013-03-31 15:14:48,226 INFO [main] c.k.p.f.l.StartupListener [StartupListener.java:119] GET /pragmatach/admin/server com.khubla.pragmatach.plugin.adminapp.ShowServerController:render
2013-03-31 15:14:48,226 INFO [main] c.k.p.f.l.StartupListener [StartupListener.java:119] GET /pragmatach/admin/cookies com.khubla.pragmatach.plugin.adminapp.ShowCookiesController:render
2013-03-31 15:14:48,226 INFO [main] c.k.p.f.l.StartupListener [StartupListener.java:119] GET /pragmatach/admin/application com.khubla.pragmatach.plugin.adminapp.ShowApplicationController:render
2013-03-31 15:14:48,226 INFO [main] c.k.p.f.l.StartupListener [StartupListener.java:119] GET /pragmatach/admin/routes com.khubla.pragmatach.plugin.adminapp.ShowRoutesController:render
2013-03-31 15:14:48,226 INFO [main] c.k.p.f.l.StartupListener [StartupListener.java:119] GET /pragmatach/admin com.khubla.pragmatach.plugin.adminapp.AdminController:render
2013-03-31 15:14:48,226 INFO [main] c.k.p.f.l.StartupListener [StartupListener.java:119] GET / com.khubla.pragmatach.examples.jsonexample.IndexController:render
2013-03-31 15:14:48,227 INFO [main] c.k.p.f.l.StartupListener [StartupListener.java:119] GET pragmatach/admin/logout com.khubla.pragmatach.plugin.adminapp.BaseAdminController:logout
2013-03-31 15:14:48,227 INFO [main] c.k.p.f.l.StartupListener [StartupListener.java:119] GET /public/* com.khubla.pragmatach.framework.controller.impl.StaticResourceController:render
2013-03-31 15:14:48,227 INFO [main] c.k.p.f.l.StartupListener [StartupListener.java:119] GET /* com.khubla.pragmatach.framework.controller.impl.DefaultContextRootController:render
2013-03-31 15:14:48,227 INFO [main] c.k.p.f.l.StartupListener [StartupListener.java:124] Ordered POST routes
2013-03-31 15:14:48,227 INFO [main] c.k.p.f.l.StartupListener [StartupListener.java:126] POST /pragmatach/admin/cookies/clearCookies com.khubla.pragmatach.plugin.adminapp.ShowCookiesController:clearCookies
2013-03-31 15:14:48,228 INFO [main] c.k.p.f.l.StartupListener [StartupListener.java:126] POST /pragmatach/admin/login/doLogin com.khubla.pragmatach.plugin.adminapp.AdminLoginController:doLogin
2013-03-31 15:14:48,228 INFO [main] c.k.p.f.l.StartupListener [StartupListener.java:126] POST /pragmatach/admin/routecache/clear com.khubla.pragmatach.plugin.adminapp.ShowRouteCacheController:clearCache
2013-03-31 15:15:09,671 INFO [qtp1999826151-25] c.k.p.f.r.ResourceLoader [ResourceLoader.java:81] Unable to load resource '/public/system/bootstrap/js/bootstrap.js'
2013-03-31 15:15:09,674 INFO [qtp1999826151-23] c.k.p.f.r.ResourceLoader [ResourceLoader.java:81] Unable to load resource '/public/system/jquery.js'
2013-03-31 15:15:09,674 INFO [qtp1999826151-24] c.k.p.f.r.ResourceLoader [ResourceLoader.java:81] Unable to load resource '/public/system/bootstrap/css/bootstrap.css'
2013-03-31 15:20:40,260 INFO [main] c.k.p.f.l.StartupListener [StartupListener.java:94] Pragmatach configuration loaded from class 'com.khubla.pragmatach.framework.configuration.PropertiesFileConfigurationImpl'
2013-03-31 15:20:40,893 INFO [main] c.k.p.f.c.ControllerClasses [ControllerClasses.java:43] Found controller 'com.khubla.pragmatach.plugin.adminapp.ShowI8NController'
2013-03-31 15:20:40,893 INFO [main] c.k.p.f.c.ControllerClasses [ControllerClasses.java:43] Found controller 'com.khubla.pragmatach.examples.jsonexample.IndexController'
2013-03-31 15:20:40,893 INFO [main] c.k.p.f.c.ControllerClasses [ControllerClasses.java:43] Found controller 'com.khubla.pragmatach.plugin.adminapp.ShowEnvironmentController'
2013-03-31 15:20:40,894 INFO [main] c.k.p.f.c.ControllerClasses [ControllerClasses.java:43] Found controller 'com.khubla.pragmatach.plugin.adminapp.ShowJVMController'
2013-03-31 15:20:40,894 INFO [main] c.k.p.f.c.ControllerClasses [ControllerClasses.java:43] Found controller 'com.khubla.pragmatach.plugin.adminapp.ShowConfigurationController'
2013-03-31 15:20:40,894 INFO [main] c.k.p.f.c.ControllerClasses [ControllerClasses.java:43] Found controller 'com.khubla.pragmatach.plugin.adminapp.AdminUserController'
2013-03-31 15:20:40,894 INFO [main] c.k.p.f.c.ControllerClasses [ControllerClasses.java:43] Found controller 'com.khubla.pragmatach.framework.controller.impl.system.HttpErrorController'
2013-03-31 15:20:40,895 INFO [main] c.k.p.f.c.ControllerClasses [ControllerClasses.java:43] Found controller 'com.khubla.pragmatach.plugin.adminapp.AdminLoginController'
2013-03-31 15:20:40,895 INFO [main] c.k.p.f.c.ControllerClasses [ControllerClasses.java:43] Found controller 'com.khubla.pragmatach.framework.controller.impl.NotFoundController'
2013-03-31 15:20:40,895 INFO [main] c.k.p.f.c.ControllerClasses [ControllerClasses.java:43] Found controller 'com.khubla.pragmatach.plugin.adminapp.ShowPluginsController'
2013-03-31 15:20:40,895 INFO [main] c.k.p.f.c.ControllerClasses [ControllerClasses.java:43] Found controller 'com.khubla.pragmatach.plugin.adminapp.ShowControllersController'
2013-03-31 15:20:40,895 INFO [main] c.k.p.f.c.ControllerClasses [ControllerClasses.java:43] Found controller 'com.khubla.pragmatach.plugin.adminapp.ShowRoutesController'
2013-03-31 15:20:40,896 INFO [main] c.k.p.f.c.ControllerClasses [ControllerClasses.java:43] Found controller 'com.khubla.pragmatach.plugin.adminapp.ShowApplicationController'
2013-03-31 15:20:40,896 INFO [main] c.k.p.f.c.ControllerClasses [ControllerClasses.java:43] Found controller 'com.khubla.pragmatach.framework.controller.impl.DefaultContextRootController'
2013-03-31 15:20:40,896 INFO [main] c.k.p.f.c.ControllerClasses [ControllerClasses.java:43] Found controller 'com.khubla.pragmatach.framework.controller.impl.StaticResourceController'
2013-03-31 15:20:40,896 INFO [main] c.k.p.f.c.ControllerClasses [ControllerClasses.java:43] Found controller 'com.khubla.pragmatach.framework.controller.impl.TrivialController'
2013-03-31 15:20:40,897 INFO [main] c.k.p.f.c.ControllerClasses [ControllerClasses.java:43] Found controller 'com.khubla.pragmatach.plugin.adminapp.AdminController'
2013-03-31 15:20:40,897 INFO [main] c.k.p.f.c.ControllerClasses [ControllerClasses.java:43] Found controller 'com.khubla.pragmatach.plugin.adminapp.BaseAdminController'
2013-03-31 15:20:40,897 INFO [main] c.k.p.f.c.ControllerClasses [ControllerClasses.java:43] Found controller 'com.khubla.pragmatach.plugin.adminapp.ShowRouteCacheController'
2013-03-31 15:20:40,897 INFO [main] c.k.p.f.c.ControllerClasses [ControllerClasses.java:43] Found controller 'com.khubla.pragmatach.plugin.adminapp.ShowCookiesController'
2013-03-31 15:20:40,897 INFO [main] c.k.p.f.c.ControllerClasses [ControllerClasses.java:43] Found controller 'com.khubla.pragmatach.plugin.adminapp.ShowNetworkController'
2013-03-31 15:20:40,898 INFO [main] c.k.p.f.c.ControllerClasses [ControllerClasses.java:43] Found controller 'com.khubla.pragmatach.plugin.adminapp.ShowServerController'
2013-03-31 15:20:40,901 INFO [main] c.k.p.f.c.ControllerClasses [ControllerClasses.java:56] Found router method 'com.khubla.pragmatach.plugin.adminapp.ShowI8NController:render' with route specification '/pragmatach/admin/i8n'
2013-03-31 15:20:40,902 INFO [main] c.k.p.f.c.ControllerClasses [ControllerClasses.java:56] Found router method 'com.khubla.pragmatach.plugin.adminapp.BaseAdminController:logout' with route specification 'pragmatach/admin/logout'
2013-03-31 15:20:40,902 INFO [main] c.k.p.f.c.ControllerClasses [ControllerClasses.java:56] Found router method 'com.khubla.pragmatach.examples.jsonexample.IndexController:render' with route specification '/'
2013-03-31 15:20:40,902 INFO [main] c.k.p.f.c.ControllerClasses [ControllerClasses.java:56] Found router method 'com.khubla.pragmatach.plugin.adminapp.ShowEnvironmentController:render' with route specification '/pragmatach/admin/environment'
2013-03-31 15:20:40,903 INFO [main] c.k.p.f.c.ControllerClasses [ControllerClasses.java:56] Found router method 'com.khubla.pragmatach.plugin.adminapp.BaseAdminController:logout' with route specification 'pragmatach/admin/logout'
2013-03-31 15:20:40,903 INFO [main] c.k.p.f.c.ControllerClasses [ControllerClasses.java:56] Found router method 'com.khubla.pragmatach.plugin.adminapp.ShowJVMController:render' with route specification '/pragmatach/admin/jvm'
2013-03-31 15:20:40,903 INFO [main] c.k.p.f.c.ControllerClasses [ControllerClasses.java:56] Found router method 'com.khubla.pragmatach.plugin.adminapp.BaseAdminController:logout' with route specification 'pragmatach/admin/logout'
2013-03-31 15:20:40,904 INFO [main] c.k.p.f.c.ControllerClasses [ControllerClasses.java:56] Found router method 'com.khubla.pragmatach.plugin.adminapp.ShowConfigurationController:render' with route specification '/pragmatach/admin/configuration'
2013-03-31 15:20:40,904 INFO [main] c.k.p.f.c.ControllerClasses [ControllerClasses.java:56] Found router method 'com.khubla.pragmatach.plugin.adminapp.BaseAdminController:logout' with route specification 'pragmatach/admin/logout'
2013-03-31 15:20:40,904 INFO [main] c.k.p.f.c.ControllerClasses [ControllerClasses.java:56] Found router method 'com.khubla.pragmatach.plugin.adminapp.AdminLoginController:render' with route specification '/pragmatach/admin/login'
2013-03-31 15:20:40,905 INFO [main] c.k.p.f.c.ControllerClasses [ControllerClasses.java:56] Found router method 'com.khubla.pragmatach.plugin.adminapp.AdminLoginController:doLogin' with route specification '/pragmatach/admin/login/doLogin'
2013-03-31 15:20:40,905 INFO [main] c.k.p.f.c.ControllerClasses [ControllerClasses.java:56] Found router method 'com.khubla.pragmatach.plugin.adminapp.BaseAdminController:logout' with route specification 'pragmatach/admin/logout'
2013-03-31 15:20:40,905 INFO [main] c.k.p.f.c.ControllerClasses [ControllerClasses.java:56] Found router method 'com.khubla.pragmatach.plugin.adminapp.ShowPluginsController:render' with route specification '/pragmatach/admin/plugins'
2013-03-31 15:20:40,905 INFO [main] c.k.p.f.c.ControllerClasses [ControllerClasses.java:56] Found router method 'com.khubla.pragmatach.plugin.adminapp.BaseAdminController:logout' with route specification 'pragmatach/admin/logout'
2013-03-31 15:20:40,906 INFO [main] c.k.p.f.c.ControllerClasses [ControllerClasses.java:56] Found router method 'com.khubla.pragmatach.plugin.adminapp.ShowControllersController:render' with route specification '/pragmatach/admin/controllers'
2013-03-31 15:20:40,906 INFO [main] c.k.p.f.c.ControllerClasses [ControllerClasses.java:56] Found router method 'com.khubla.pragmatach.plugin.adminapp.BaseAdminController:logout' with route specification 'pragmatach/admin/logout'
2013-03-31 15:20:40,907 INFO [main] c.k.p.f.c.ControllerClasses [ControllerClasses.java:56] Found router method 'com.khubla.pragmatach.plugin.adminapp.ShowRoutesController:render' with route specification '/pragmatach/admin/routes'
2013-03-31 15:20:40,907 INFO [main] c.k.p.f.c.ControllerClasses [ControllerClasses.java:56] Found router method 'com.khubla.pragmatach.plugin.adminapp.BaseAdminController:logout' with route specification 'pragmatach/admin/logout'
2013-03-31 15:20:40,907 INFO [main] c.k.p.f.c.ControllerClasses [ControllerClasses.java:56] Found router method 'com.khubla.pragmatach.plugin.adminapp.ShowApplicationController:render' with route specification '/pragmatach/admin/application'
2013-03-31 15:20:40,908 INFO [main] c.k.p.f.c.ControllerClasses [ControllerClasses.java:56] Found router method 'com.khubla.pragmatach.plugin.adminapp.BaseAdminController:logout' with route specification 'pragmatach/admin/logout'
2013-03-31 15:20:40,908 INFO [main] c.k.p.f.c.ControllerClasses [ControllerClasses.java:56] Found router method 'com.khubla.pragmatach.framework.controller.impl.DefaultContextRootController:render' with route specification '/*'
2013-03-31 15:20:40,908 INFO [main] c.k.p.f.c.ControllerClasses [ControllerClasses.java:56] Found router method 'com.khubla.pragmatach.framework.controller.impl.StaticResourceController:render' with route specification '/public/*'
2013-03-31 15:20:40,909 INFO [main] c.k.p.f.c.ControllerClasses [ControllerClasses.java:56] Found router method 'com.khubla.pragmatach.plugin.adminapp.AdminController:render' with route specification '/pragmatach/admin'
2013-03-31 15:20:40,909 INFO [main] c.k.p.f.c.ControllerClasses [ControllerClasses.java:56] Found router method 'com.khubla.pragmatach.plugin.adminapp.BaseAdminController:logout' with route specification 'pragmatach/admin/logout'
2013-03-31 15:20:40,909 INFO [main] c.k.p.f.c.ControllerClasses [ControllerClasses.java:56] Found router method 'com.khubla.pragmatach.plugin.adminapp.BaseAdminController:logout' with route specification 'pragmatach/admin/logout'
2013-03-31 15:20:40,910 INFO [main] c.k.p.f.c.ControllerClasses [ControllerClasses.java:56] Found router method 'com.khubla.pragmatach.plugin.adminapp.ShowRouteCacheController:clearCache' with route specification '/pragmatach/admin/routecache/clear'
2013-03-31 15:20:40,910 INFO [main] c.k.p.f.c.ControllerClasses [ControllerClasses.java:56] Found router method 'com.khubla.pragmatach.plugin.adminapp.ShowRouteCacheController:render' with route specification '/pragmatach/admin/routecache'
2013-03-31 15:20:40,910 INFO [main] c.k.p.f.c.ControllerClasses [ControllerClasses.java:56] Found router method 'com.khubla.pragmatach.plugin.adminapp.BaseAdminController:logout' with route specification 'pragmatach/admin/logout'
2013-03-31 15:20:40,911 INFO [main] c.k.p.f.c.ControllerClasses [ControllerClasses.java:56] Found router method 'com.khubla.pragmatach.plugin.adminapp.ShowCookiesController:render' with route specification '/pragmatach/admin/cookies'
2013-03-31 15:20:40,911 INFO [main] c.k.p.f.c.ControllerClasses [ControllerClasses.java:56] Found router method 'com.khubla.pragmatach.plugin.adminapp.ShowCookiesController:clearCookies' with route specification '/pragmatach/admin/cookies/clearCookies'
2013-03-31 15:20:40,911 INFO [main] c.k.p.f.c.ControllerClasses [ControllerClasses.java:56] Found router method 'com.khubla.pragmatach.plugin.adminapp.BaseAdminController:logout' with route specification 'pragmatach/admin/logout'
2013-03-31 15:20:40,911 INFO [main] c.k.p.f.c.ControllerClasses [ControllerClasses.java:56] Found router method 'com.khubla.pragmatach.plugin.adminapp.ShowNetworkController:render' with route specification '/pragmatach/admin/network'
2013-03-31 15:20:40,912 INFO [main] c.k.p.f.c.ControllerClasses [ControllerClasses.java:56] Found router method 'com.khubla.pragmatach.plugin.adminapp.BaseAdminController:logout' with route specification 'pragmatach/admin/logout'
2013-03-31 15:20:40,912 INFO [main] c.k.p.f.c.ControllerClasses [ControllerClasses.java:56] Found router method 'com.khubla.pragmatach.plugin.adminapp.ShowServerController:render' with route specification '/pragmatach/admin/server'
2013-03-31 15:20:40,912 INFO [main] c.k.p.f.c.ControllerClasses [ControllerClasses.java:56] Found router method 'com.khubla.pragmatach.plugin.adminapp.BaseAdminController:logout' with route specification 'pragmatach/admin/logout'
2013-03-31 15:20:41,081 INFO [main] c.k.p.f.p.PluginDescriptors [PluginDescriptors.java:53] Found plugin: AdminApp
2013-03-31 15:20:41,088 INFO [main] c.k.p.f.p.PluginDescriptors [PluginDescriptors.java:53] Found plugin: Framework
2013-03-31 15:20:41,092 INFO [main] c.k.p.f.p.PluginDescriptors [PluginDescriptors.java:53] Found plugin: Freemarker
2013-03-31 15:20:41,093 INFO [main] c.k.p.f.p.PluginDescriptors [PluginDescriptors.java:53] Found plugin: JSON
2013-03-31 15:20:41,148 INFO [main] c.k.p.f.l.StartupListener [StartupListener.java:117] Ordered GET routes
2013-03-31 15:20:41,148 INFO [main] c.k.p.f.l.StartupListener [StartupListener.java:119] GET /pragmatach/admin/configuration com.khubla.pragmatach.plugin.adminapp.ShowConfigurationController:render
2013-03-31 15:20:41,148 INFO [main] c.k.p.f.l.StartupListener [StartupListener.java:119] GET /pragmatach/admin/jvm com.khubla.pragmatach.plugin.adminapp.ShowJVMController:render
2013-03-31 15:20:41,149 INFO [main] c.k.p.f.l.StartupListener [StartupListener.java:119] GET /pragmatach/admin/i8n com.khubla.pragmatach.plugin.adminapp.ShowI8NController:render
2013-03-31 15:20:41,149 INFO [main] c.k.p.f.l.StartupListener [StartupListener.java:119] GET /pragmatach/admin/login com.khubla.pragmatach.plugin.adminapp.AdminLoginController:render
2013-03-31 15:20:41,149 INFO [main] c.k.p.f.l.StartupListener [StartupListener.java:119] GET /pragmatach/admin/plugins com.khubla.pragmatach.plugin.adminapp.ShowPluginsController:render
2013-03-31 15:20:41,149 INFO [main] c.k.p.f.l.StartupListener [StartupListener.java:119] GET /pragmatach/admin/network com.khubla.pragmatach.plugin.adminapp.ShowNetworkController:render
2013-03-31 15:20:41,149 INFO [main] c.k.p.f.l.StartupListener [StartupListener.java:119] GET /pragmatach/admin/environment com.khubla.pragmatach.plugin.adminapp.ShowEnvironmentController:render
2013-03-31 15:20:41,149 INFO [main] c.k.p.f.l.StartupListener [StartupListener.java:119] GET /pragmatach/admin/controllers com.khubla.pragmatach.plugin.adminapp.ShowControllersController:render
2013-03-31 15:20:41,150 INFO [main] c.k.p.f.l.StartupListener [StartupListener.java:119] GET /pragmatach/admin/server com.khubla.pragmatach.plugin.adminapp.ShowServerController:render
2013-03-31 15:20:41,150 INFO [main] c.k.p.f.l.StartupListener [StartupListener.java:119] GET /pragmatach/admin/routecache com.khubla.pragmatach.plugin.adminapp.ShowRouteCacheController:render
2013-03-31 15:20:41,150 INFO [main] c.k.p.f.l.StartupListener [StartupListener.java:119] GET /pragmatach/admin/cookies com.khubla.pragmatach.plugin.adminapp.ShowCookiesController:render
2013-03-31 15:20:41,150 INFO [main] c.k.p.f.l.StartupListener [StartupListener.java:119] GET /pragmatach/admin/application com.khubla.pragmatach.plugin.adminapp.ShowApplicationController:render
2013-03-31 15:20:41,150 INFO [main] c.k.p.f.l.StartupListener [StartupListener.java:119] GET /pragmatach/admin/routes com.khubla.pragmatach.plugin.adminapp.ShowRoutesController:render
2013-03-31 15:20:41,150 INFO [main] c.k.p.f.l.StartupListener [StartupListener.java:119] GET /pragmatach/admin com.khubla.pragmatach.plugin.adminapp.AdminController:render
2013-03-31 15:20:41,151 INFO [main] c.k.p.f.l.StartupListener [StartupListener.java:119] GET / com.khubla.pragmatach.examples.jsonexample.IndexController:render
2013-03-31 15:20:41,151 INFO [main] c.k.p.f.l.StartupListener [StartupListener.java:119] GET pragmatach/admin/logout com.khubla.pragmatach.plugin.adminapp.BaseAdminController:logout
2013-03-31 15:20:41,151 INFO [main] c.k.p.f.l.StartupListener [StartupListener.java:119] GET /public/* com.khubla.pragmatach.framework.controller.impl.StaticResourceController:render
2013-03-31 15:20:41,151 INFO [main] c.k.p.f.l.StartupListener [StartupListener.java:119] GET /* com.khubla.pragmatach.framework.controller.impl.DefaultContextRootController:render
2013-03-31 15:20:41,151 INFO [main] c.k.p.f.l.StartupListener [StartupListener.java:124] Ordered POST routes
2013-03-31 15:20:41,151 INFO [main] c.k.p.f.l.StartupListener [StartupListener.java:126] POST /pragmatach/admin/cookies/clearCookies com.khubla.pragmatach.plugin.adminapp.ShowCookiesController:clearCookies
2013-03-31 15:20:41,151 INFO [main] c.k.p.f.l.StartupListener [StartupListener.java:126] POST /pragmatach/admin/login/doLogin com.khubla.pragmatach.plugin.adminapp.AdminLoginController:doLogin
2013-03-31 15:20:41,152 INFO [main] c.k.p.f.l.StartupListener [StartupListener.java:126] POST /pragmatach/admin/routecache/clear com.khubla.pragmatach.plugin.adminapp.ShowRouteCacheController:clearCache
2013-03-31 15:20:59,208 INFO [qtp1716072433-26] c.k.p.f.r.ResourceLoader [ResourceLoader.java:81] Unable to load resource '/public/system/bootstrap/js/bootstrap.js'
2013-03-31 15:20:59,209 INFO [qtp1716072433-23] c.k.p.f.r.ResourceLoader [ResourceLoader.java:81] Unable to load resource '/public/system/jquery.js'
2013-03-31 15:20:59,208 INFO [qtp1716072433-25] c.k.p.f.r.ResourceLoader [ResourceLoader.java:81] Unable to load resource '/public/system/bootstrap/css/bootstrap.css'
2013-03-31 15:20:59,352 INFO [qtp1716072433-26] c.k.p.f.r.ResourceLoader [ResourceLoader.java:81] Unable to load resource '/public/favicon.ico'
2013-03-31 15:21:10,620 INFO [qtp1716072433-24] c.k.p.f.r.ResourceLoader [ResourceLoader.java:81] Unable to load resource '/public/favicon.ico'
2013-03-31 15:22:53,938 INFO [main] c.k.p.f.l.StartupListener [StartupListener.java:94] Pragmatach configuration loaded from class 'com.khubla.pragmatach.framework.configuration.PropertiesFileConfigurationImpl'
2013-03-31 15:22:54,572 INFO [main] c.k.p.f.c.ControllerClasses [ControllerClasses.java:43] Found controller 'com.khubla.pragmatach.plugin.adminapp.AdminController'
2013-03-31 15:22:54,573 INFO [main] c.k.p.f.c.ControllerClasses [ControllerClasses.java:43] Found controller 'com.khubla.pragmatach.plugin.adminapp.ShowRouteCacheController'
2013-03-31 15:22:54,573 INFO [main] c.k.p.f.c.ControllerClasses [ControllerClasses.java:43] Found controller 'com.khubla.pragmatach.examples.jsonexample.IndexController'
2013-03-31 15:22:54,573 INFO [main] c.k.p.f.c.ControllerClasses [ControllerClasses.java:43] Found controller 'com.khubla.pragmatach.plugin.adminapp.AdminUserController'
2013-03-31 15:22:54,573 INFO [main] c.k.p.f.c.ControllerClasses [ControllerClasses.java:43] Found controller 'com.khubla.pragmatach.plugin.adminapp.ShowPluginsController'
2013-03-31 15:22:54,574 INFO [main] c.k.p.f.c.ControllerClasses [ControllerClasses.java:43] Found controller 'com.khubla.pragmatach.plugin.adminapp.ShowJVMController'
2013-03-31 15:22:54,574 INFO [main] c.k.p.f.c.ControllerClasses [ControllerClasses.java:43] Found controller 'com.khubla.pragmatach.plugin.adminapp.ShowApplicationController'
2013-03-31 15:22:54,574 INFO [main] c.k.p.f.c.ControllerClasses [ControllerClasses.java:43] Found controller 'com.khubla.pragmatach.plugin.adminapp.ShowControllersController'
2013-03-31 15:22:54,574 INFO [main] c.k.p.f.c.ControllerClasses [ControllerClasses.java:43] Found controller 'com.khubla.pragmatach.plugin.adminapp.BaseAdminController'
2013-03-31 15:22:54,574 INFO [main] c.k.p.f.c.ControllerClasses [ControllerClasses.java:43] Found controller 'com.khubla.pragmatach.plugin.adminapp.ShowConfigurationController'
2013-03-31 15:22:54,575 INFO [main] c.k.p.f.c.ControllerClasses [ControllerClasses.java:43] Found controller 'com.khubla.pragmatach.plugin.adminapp.ShowServerController'
2013-03-31 15:22:54,575 INFO [main] c.k.p.f.c.ControllerClasses [ControllerClasses.java:43] Found controller 'com.khubla.pragmatach.framework.controller.impl.system.HttpErrorController'
2013-03-31 15:22:54,575 INFO [main] c.k.p.f.c.ControllerClasses [ControllerClasses.java:43] Found controller 'com.khubla.pragmatach.plugin.adminapp.ShowNetworkController'
2013-03-31 15:22:54,575 INFO [main] c.k.p.f.c.ControllerClasses [ControllerClasses.java:43] Found controller 'com.khubla.pragmatach.plugin.adminapp.ShowI8NController'
2013-03-31 15:22:54,575 INFO [main] c.k.p.f.c.ControllerClasses [ControllerClasses.java:43] Found controller 'com.khubla.pragmatach.plugin.adminapp.AdminLoginController'
2013-03-31 15:22:54,576 INFO [main] c.k.p.f.c.ControllerClasses [ControllerClasses.java:43] Found controller 'com.khubla.pragmatach.plugin.adminapp.ShowEnvironmentController'
2013-03-31 15:22:54,576 INFO [main] c.k.p.f.c.ControllerClasses [ControllerClasses.java:43] Found controller 'com.khubla.pragmatach.plugin.adminapp.ShowRoutesController'
2013-03-31 15:22:54,576 INFO [main] c.k.p.f.c.ControllerClasses [ControllerClasses.java:43] Found controller 'com.khubla.pragmatach.framework.controller.impl.TrivialController'
2013-03-31 15:22:54,576 INFO [main] c.k.p.f.c.ControllerClasses [ControllerClasses.java:43] Found controller 'com.khubla.pragmatach.framework.controller.impl.StaticResourceController'
2013-03-31 15:22:54,577 INFO [main] c.k.p.f.c.ControllerClasses [ControllerClasses.java:43] Found controller 'com.khubla.pragmatach.framework.controller.impl.DefaultContextRootController'
2013-03-31 15:22:54,577 INFO [main] c.k.p.f.c.ControllerClasses [ControllerClasses.java:43] Found controller 'com.khubla.pragmatach.framework.controller.impl.NotFoundController'
2013-03-31 15:22:54,577 INFO [main] c.k.p.f.c.ControllerClasses [ControllerClasses.java:43] Found controller 'com.khubla.pragmatach.plugin.adminapp.ShowCookiesController'
2013-03-31 15:22:54,580 INFO [main] c.k.p.f.c.ControllerClasses [ControllerClasses.java:56] Found router method 'com.khubla.pragmatach.plugin.adminapp.AdminController:render' with route specification '/pragmatach/admin'
2013-03-31 15:22:54,580 INFO [main] c.k.p.f.c.ControllerClasses [ControllerClasses.java:56] Found router method 'com.khubla.pragmatach.plugin.adminapp.BaseAdminController:logout' with route specification 'pragmatach/admin/logout'
2013-03-31 15:22:54,581 INFO [main] c.k.p.f.c.ControllerClasses [ControllerClasses.java:56] Found router method 'com.khubla.pragmatach.plugin.adminapp.ShowRouteCacheController:clearCache' with route specification '/pragmatach/admin/routecache/clear'
2013-03-31 15:22:54,581 INFO [main] c.k.p.f.c.ControllerClasses [ControllerClasses.java:56] Found router method 'com.khubla.pragmatach.plugin.adminapp.ShowRouteCacheController:render' with route specification '/pragmatach/admin/routecache'
2013-03-31 15:22:54,581 INFO [main] c.k.p.f.c.ControllerClasses [ControllerClasses.java:56] Found router method 'com.khubla.pragmatach.plugin.adminapp.BaseAdminController:logout' with route specification 'pragmatach/admin/logout'
2013-03-31 15:22:54,582 INFO [main] c.k.p.f.c.ControllerClasses [ControllerClasses.java:56] Found router method 'com.khubla.pragmatach.examples.jsonexample.IndexController:render' with route specification '/'
2013-03-31 15:22:54,582 INFO [main] c.k.p.f.c.ControllerClasses [ControllerClasses.java:56] Found router method 'com.khubla.pragmatach.plugin.adminapp.ShowPluginsController:render' with route specification '/pragmatach/admin/plugins'
2013-03-31 15:22:54,582 INFO [main] c.k.p.f.c.ControllerClasses [ControllerClasses.java:56] Found router method 'com.khubla.pragmatach.plugin.adminapp.BaseAdminController:logout' with route specification 'pragmatach/admin/logout'
2013-03-31 15:22:54,583 INFO [main] c.k.p.f.c.ControllerClasses [ControllerClasses.java:56] Found router method 'com.khubla.pragmatach.plugin.adminapp.ShowJVMController:render' with route specification '/pragmatach/admin/jvm'
2013-03-31 15:22:54,583 INFO [main] c.k.p.f.c.ControllerClasses [ControllerClasses.java:56] Found router method 'com.khubla.pragmatach.plugin.adminapp.BaseAdminController:logout' with route specification 'pragmatach/admin/logout'
2013-03-31 15:22:54,583 INFO [main] c.k.p.f.c.ControllerClasses [ControllerClasses.java:56] Found router method 'com.khubla.pragmatach.plugin.adminapp.ShowApplicationController:render' with route specification '/pragmatach/admin/application'
2013-03-31 15:22:54,584 INFO [main] c.k.p.f.c.ControllerClasses [ControllerClasses.java:56] Found router method 'com.khubla.pragmatach.plugin.adminapp.BaseAdminController:logout' with route specification 'pragmatach/admin/logout'
2013-03-31 15:22:54,584 INFO [main] c.k.p.f.c.ControllerClasses [ControllerClasses.java:56] Found router method 'com.khubla.pragmatach.plugin.adminapp.ShowControllersController:render' with route specification '/pragmatach/admin/controllers'
2013-03-31 15:22:54,584 INFO [main] c.k.p.f.c.ControllerClasses [ControllerClasses.java:56] Found router method 'com.khubla.pragmatach.plugin.adminapp.BaseAdminController:logout' with route specification 'pragmatach/admin/logout'
2013-03-31 15:22:54,585 INFO [main] c.k.p.f.c.ControllerClasses [ControllerClasses.java:56] Found router method 'com.khubla.pragmatach.plugin.adminapp.BaseAdminController:logout' with route specification 'pragmatach/admin/logout'
2013-03-31 15:22:54,585 INFO [main] c.k.p.f.c.ControllerClasses [ControllerClasses.java:56] Found router method 'com.khubla.pragmatach.plugin.adminapp.ShowConfigurationController:render' with route specification '/pragmatach/admin/configuration'
2013-03-31 15:22:54,586 INFO [main] c.k.p.f.c.ControllerClasses [ControllerClasses.java:56] Found router method 'com.khubla.pragmatach.plugin.adminapp.BaseAdminController:logout' with route specification 'pragmatach/admin/logout'
2013-03-31 15:22:54,586 INFO [main] c.k.p.f.c.ControllerClasses [ControllerClasses.java:56] Found router method 'com.khubla.pragmatach.plugin.adminapp.ShowServerController:render' with route specification '/pragmatach/admin/server'
2013-03-31 15:22:54,586 INFO [main] c.k.p.f.c.ControllerClasses [ControllerClasses.java:56] Found router method 'com.khubla.pragmatach.plugin.adminapp.BaseAdminController:logout' with route specification 'pragmatach/admin/logout'
2013-03-31 15:22:54,587 INFO [main] c.k.p.f.c.ControllerClasses [ControllerClasses.java:56] Found router method 'com.khubla.pragmatach.plugin.adminapp.ShowNetworkController:render' with route specification '/pragmatach/admin/network'
2013-03-31 15:22:54,587 INFO [main] c.k.p.f.c.ControllerClasses [ControllerClasses.java:56] Found router method 'com.khubla.pragmatach.plugin.adminapp.BaseAdminController:logout' with route specification 'pragmatach/admin/logout'
2013-03-31 15:22:54,587 INFO [main] c.k.p.f.c.ControllerClasses [ControllerClasses.java:56] Found router method 'com.khubla.pragmatach.plugin.adminapp.ShowI8NController:render' with route specification '/pragmatach/admin/i8n'
2013-03-31 15:22:54,587 INFO [main] c.k.p.f.c.ControllerClasses [ControllerClasses.java:56] Found router method 'com.khubla.pragmatach.plugin.adminapp.BaseAdminController:logout' with route specification 'pragmatach/admin/logout'
2013-03-31 15:22:54,588 INFO [main] c.k.p.f.c.ControllerClasses [ControllerClasses.java:56] Found router method 'com.khubla.pragmatach.plugin.adminapp.AdminLoginController:render' with route specification '/pragmatach/admin/login'
2013-03-31 15:22:54,588 INFO [main] c.k.p.f.c.ControllerClasses [ControllerClasses.java:56] Found router method 'com.khubla.pragmatach.plugin.adminapp.AdminLoginController:doLogin' with route specification '/pragmatach/admin/login/doLogin'
2013-03-31 15:22:54,588 INFO [main] c.k.p.f.c.ControllerClasses [ControllerClasses.java:56] Found router method 'com.khubla.pragmatach.plugin.adminapp.BaseAdminController:logout' with route specification 'pragmatach/admin/logout'
2013-03-31 15:22:54,589 INFO [main] c.k.p.f.c.ControllerClasses [ControllerClasses.java:56] Found router method 'com.khubla.pragmatach.plugin.adminapp.ShowEnvironmentController:render' with route specification '/pragmatach/admin/environment'
2013-03-31 15:22:54,589 INFO [main] c.k.p.f.c.ControllerClasses [ControllerClasses.java:56] Found router method 'com.khubla.pragmatach.plugin.adminapp.BaseAdminController:logout' with route specification 'pragmatach/admin/logout'
2013-03-31 15:22:54,589 INFO [main] c.k.p.f.c.ControllerClasses [ControllerClasses.java:56] Found router method 'com.khubla.pragmatach.plugin.adminapp.ShowRoutesController:render' with route specification '/pragmatach/admin/routes'
2013-03-31 15:22:54,590 INFO [main] c.k.p.f.c.ControllerClasses [ControllerClasses.java:56] Found router method 'com.khubla.pragmatach.plugin.adminapp.BaseAdminController:logout' with route specification 'pragmatach/admin/logout'
2013-03-31 15:22:54,590 INFO [main] c.k.p.f.c.ControllerClasses [ControllerClasses.java:56] Found router method 'com.khubla.pragmatach.framework.controller.impl.StaticResourceController:render' with route specification '/public/*'
2013-03-31 15:22:54,590 INFO [main] c.k.p.f.c.ControllerClasses [ControllerClasses.java:56] Found router method 'com.khubla.pragmatach.framework.controller.impl.DefaultContextRootController:render' with route specification '/*'
2013-03-31 15:22:54,591 INFO [main] c.k.p.f.c.ControllerClasses [ControllerClasses.java:56] Found router method 'com.khubla.pragmatach.plugin.adminapp.ShowCookiesController:render' with route specification '/pragmatach/admin/cookies'
2013-03-31 15:22:54,591 INFO [main] c.k.p.f.c.ControllerClasses [ControllerClasses.java:56] Found router method 'com.khubla.pragmatach.plugin.adminapp.ShowCookiesController:clearCookies' with route specification '/pragmatach/admin/cookies/clearCookies'
2013-03-31 15:22:54,591 INFO [main] c.k.p.f.c.ControllerClasses [ControllerClasses.java:56] Found router method 'com.khubla.pragmatach.plugin.adminapp.BaseAdminController:logout' with route specification 'pragmatach/admin/logout'
2013-03-31 15:22:54,761 INFO [main] c.k.p.f.p.PluginDescriptors [PluginDescriptors.java:53] Found plugin: AdminApp
2013-03-31 15:22:54,768 INFO [main] c.k.p.f.p.PluginDescriptors [PluginDescriptors.java:53] Found plugin: Framework
2013-03-31 15:22:54,773 INFO [main] c.k.p.f.p.PluginDescriptors [PluginDescriptors.java:53] Found plugin: Freemarker
2013-03-31 15:22:54,774 INFO [main] c.k.p.f.p.PluginDescriptors [PluginDescriptors.java:53] Found plugin: JSON
2013-03-31 15:22:54,828 INFO [main] c.k.p.f.l.StartupListener [StartupListener.java:117] Ordered GET routes
2013-03-31 15:22:54,829 INFO [main] c.k.p.f.l.StartupListener [StartupListener.java:119] GET /pragmatach/admin/configuration com.khubla.pragmatach.plugin.adminapp.ShowConfigurationController:render
2013-03-31 15:22:54,829 INFO [main] c.k.p.f.l.StartupListener [StartupListener.java:119] GET /pragmatach/admin/jvm com.khubla.pragmatach.plugin.adminapp.ShowJVMController:render
2013-03-31 15:22:54,829 INFO [main] c.k.p.f.l.StartupListener [StartupListener.java:119] GET /pragmatach/admin/i8n com.khubla.pragmatach.plugin.adminapp.ShowI8NController:render
2013-03-31 15:22:54,829 INFO [main] c.k.p.f.l.StartupListener [StartupListener.java:119] GET /pragmatach/admin/login com.khubla.pragmatach.plugin.adminapp.AdminLoginController:render
2013-03-31 15:22:54,829 INFO [main] c.k.p.f.l.StartupListener [StartupListener.java:119] GET /pragmatach/admin/plugins com.khubla.pragmatach.plugin.adminapp.ShowPluginsController:render
2013-03-31 15:22:54,830 INFO [main] c.k.p.f.l.StartupListener [StartupListener.java:119] GET /pragmatach/admin/network com.khubla.pragmatach.plugin.adminapp.ShowNetworkController:render
2013-03-31 15:22:54,830 INFO [main] c.k.p.f.l.StartupListener [StartupListener.java:119] GET /pragmatach/admin/environment com.khubla.pragmatach.plugin.adminapp.ShowEnvironmentController:render
2013-03-31 15:22:54,830 INFO [main] c.k.p.f.l.StartupListener [StartupListener.java:119] GET /pragmatach/admin/controllers com.khubla.pragmatach.plugin.adminapp.ShowControllersController:render
2013-03-31 15:22:54,830 INFO [main] c.k.p.f.l.StartupListener [StartupListener.java:119] GET /pragmatach/admin/routecache com.khubla.pragmatach.plugin.adminapp.ShowRouteCacheController:render
2013-03-31 15:22:54,831 INFO [main] c.k.p.f.l.StartupListener [StartupListener.java:119] GET /pragmatach/admin/server com.khubla.pragmatach.plugin.adminapp.ShowServerController:render
2013-03-31 15:22:54,831 INFO [main] c.k.p.f.l.StartupListener [StartupListener.java:119] GET /pragmatach/admin/cookies com.khubla.pragmatach.plugin.adminapp.ShowCookiesController:render
2013-03-31 15:22:54,831 INFO [main] c.k.p.f.l.StartupListener [StartupListener.java:119] GET /pragmatach/admin/application com.khubla.pragmatach.plugin.adminapp.ShowApplicationController:render
2013-03-31 15:22:54,831 INFO [main] c.k.p.f.l.StartupListener [StartupListener.java:119] GET /pragmatach/admin/routes com.khubla.pragmatach.plugin.adminapp.ShowRoutesController:render
2013-03-31 15:22:54,831 INFO [main] c.k.p.f.l.StartupListener [StartupListener.java:119] GET /pragmatach/admin com.khubla.pragmatach.plugin.adminapp.AdminController:render
2013-03-31 15:22:54,831 INFO [main] c.k.p.f.l.StartupListener [StartupListener.java:119] GET / com.khubla.pragmatach.examples.jsonexample.IndexController:render
2013-03-31 15:22:54,832 INFO [main] c.k.p.f.l.StartupListener [StartupListener.java:119] GET pragmatach/admin/logout com.khubla.pragmatach.plugin.adminapp.BaseAdminController:logout
2013-03-31 15:22:54,832 INFO [main] c.k.p.f.l.StartupListener [StartupListener.java:119] GET /public/* com.khubla.pragmatach.framework.controller.impl.StaticResourceController:render
2013-03-31 15:22:54,832 INFO [main] c.k.p.f.l.StartupListener [StartupListener.java:119] GET /* com.khubla.pragmatach.framework.controller.impl.DefaultContextRootController:render
2013-03-31 15:22:54,832 INFO [main] c.k.p.f.l.StartupListener [StartupListener.java:124] Ordered POST routes
2013-03-31 15:22:54,832 INFO [main] c.k.p.f.l.StartupListener [StartupListener.java:126] POST /pragmatach/admin/cookies/clearCookies com.khubla.pragmatach.plugin.adminapp.ShowCookiesController:clearCookies
2013-03-31 15:22:54,832 INFO [main] c.k.p.f.l.StartupListener [StartupListener.java:126] POST /pragmatach/admin/login/doLogin com.khubla.pragmatach.plugin.adminapp.AdminLoginController:doLogin
2013-03-31 15:22:54,833 INFO [main] c.k.p.f.l.StartupListener [StartupListener.java:126] POST /pragmatach/admin/routecache/clear com.khubla.pragmatach.plugin.adminapp.ShowRouteCacheController:clearCache
2013-03-31 15:23:34,857 INFO [qtp875305747-25] c.k.p.f.r.ResourceLoader [ResourceLoader.java:81] Unable to load resource '/public/system/bootstrap/js/bootstrap.js'
2013-03-31 15:23:34,859 INFO [qtp875305747-23] c.k.p.f.r.ResourceLoader [ResourceLoader.java:81] Unable to load resource '/public/system/bootstrap/css/bootstrap.css'
2013-03-31 15:23:34,857 INFO [qtp875305747-24] c.k.p.f.r.ResourceLoader [ResourceLoader.java:81] Unable to load resource '/public/system/jquery.js'
2013-03-31 15:23:34,928 INFO [qtp875305747-24] c.k.p.f.r.ResourceLoader [ResourceLoader.java:81] Unable to load resource '/public/favicon.ico'
2013-03-31 15:23:39,961 INFO [qtp875305747-25] c.k.p.f.r.ResourceLoader [ResourceLoader.java:81] Unable to load resource '/public/favicon.ico'
2013-03-31 15:23:41,243 INFO [qtp875305747-23] c.k.p.f.r.ResourceLoader [ResourceLoader.java:81] Unable to load resource '/public/system/bootstrap/css/bootstrap.css'
2013-03-31 15:23:41,308 INFO [qtp875305747-24] c.k.p.f.r.ResourceLoader [ResourceLoader.java:81] Unable to load resource '/public/favicon.ico'
2013-03-31 15:25:34,527 INFO [qtp875305747-23] c.k.p.f.r.ResourceLoader [ResourceLoader.java:81] Unable to load resource '/public/favicon.ico'
2013-03-31 15:30:45,398 INFO [main] c.k.p.f.l.StartupListener [StartupListener.java:94] Pragmatach configuration loaded from class 'com.khubla.pragmatach.framework.configuration.PropertiesFileConfigurationImpl'
2013-03-31 15:30:45,987 INFO [main] c.k.p.f.c.ControllerClasses [ControllerClasses.java:43] Found controller 'com.khubla.pragmatach.framework.controller.impl.system.HttpErrorController'
2013-03-31 15:30:45,987 INFO [main] c.k.p.f.c.ControllerClasses [ControllerClasses.java:43] Found controller 'com.khubla.pragmatach.plugin.adminapp.ShowRouteCacheController'
2013-03-31 15:30:45,987 INFO [main] c.k.p.f.c.ControllerClasses [ControllerClasses.java:43] Found controller 'com.khubla.pragmatach.plugin.adminapp.AdminUserController'
2013-03-31 15:30:45,988 INFO [main] c.k.p.f.c.ControllerClasses [ControllerClasses.java:43] Found controller 'com.khubla.pragmatach.plugin.adminapp.BaseAdminController'
2013-03-31 15:30:45,988 INFO [main] c.k.p.f.c.ControllerClasses [ControllerClasses.java:43] Found controller 'com.khubla.pragmatach.plugin.adminapp.AdminController'
2013-03-31 15:30:45,988 INFO [main] c.k.p.f.c.ControllerClasses [ControllerClasses.java:43] Found controller 'com.khubla.pragmatach.plugin.adminapp.ShowControllersController'
2013-03-31 15:30:45,988 INFO [main] c.k.p.f.c.ControllerClasses [ControllerClasses.java:43] Found controller 'com.khubla.pragmatach.framework.controller.impl.NotFoundController'
2013-03-31 15:30:45,988 INFO [main] c.k.p.f.c.ControllerClasses [ControllerClasses.java:43] Found controller 'com.khubla.pragmatach.framework.controller.impl.DefaultContextRootController'
2013-03-31 15:30:45,988 INFO [main] c.k.p.f.c.ControllerClasses [ControllerClasses.java:43] Found controller 'com.khubla.pragmatach.framework.controller.impl.TrivialController'
2013-03-31 15:30:45,989 INFO [main] c.k.p.f.c.ControllerClasses [ControllerClasses.java:43] Found controller 'com.khubla.pragmatach.plugin.adminapp.ShowI8NController'
2013-03-31 15:30:45,989 INFO [main] c.k.p.f.c.ControllerClasses [ControllerClasses.java:43] Found controller 'com.khubla.pragmatach.plugin.adminapp.ShowJVMController'
2013-03-31 15:30:45,989 INFO [main] c.k.p.f.c.ControllerClasses [ControllerClasses.java:43] Found controller 'com.khubla.pragmatach.plugin.adminapp.ShowApplicationController'
2013-03-31 15:30:45,989 INFO [main] c.k.p.f.c.ControllerClasses [ControllerClasses.java:43] Found controller 'com.khubla.pragmatach.framework.controller.impl.StaticResourceController'
2013-03-31 15:30:45,989 INFO [main] c.k.p.f.c.ControllerClasses [ControllerClasses.java:43] Found controller 'com.khubla.pragmatach.plugin.adminapp.ShowServerController'
2013-03-31 15:30:45,989 INFO [main] c.k.p.f.c.ControllerClasses [ControllerClasses.java:43] Found controller 'com.khubla.pragmatach.plugin.adminapp.ShowEnvironmentController'
2013-03-31 15:30:45,990 INFO [main] c.k.p.f.c.ControllerClasses [ControllerClasses.java:43] Found controller 'com.khubla.pragmatach.plugin.adminapp.ShowPluginsController'
2013-03-31 15:30:45,990 INFO [main] c.k.p.f.c.ControllerClasses [ControllerClasses.java:43] Found controller 'com.khubla.pragmatach.plugin.adminapp.ShowRoutesController'
2013-03-31 15:30:45,990 INFO [main] c.k.p.f.c.ControllerClasses [ControllerClasses.java:43] Found controller 'com.khubla.pragmatach.plugin.adminapp.ShowCookiesController'
2013-03-31 15:30:45,990 INFO [main] c.k.p.f.c.ControllerClasses [ControllerClasses.java:43] Found controller 'com.khubla.pragmatach.examples.jsonexample.IndexController'
2013-03-31 15:30:45,990 INFO [main] c.k.p.f.c.ControllerClasses [ControllerClasses.java:43] Found controller 'com.khubla.pragmatach.plugin.adminapp.AdminLoginController'
2013-03-31 15:30:45,990 INFO [main] c.k.p.f.c.ControllerClasses [ControllerClasses.java:43] Found controller 'com.khubla.pragmatach.plugin.adminapp.ShowNetworkController'
2013-03-31 15:30:45,990 INFO [main] c.k.p.f.c.ControllerClasses [ControllerClasses.java:43] Found controller 'com.khubla.pragmatach.plugin.adminapp.ShowConfigurationController'
2013-03-31 15:30:45,993 INFO [main] c.k.p.f.c.ControllerClasses [ControllerClasses.java:56] Found router method 'com.khubla.pragmatach.plugin.adminapp.ShowRouteCacheController:clearCache' with route specification '/pragmatach/admin/routecache/clear'
2013-03-31 15:30:45,994 INFO [main] c.k.p.f.c.ControllerClasses [ControllerClasses.java:56] Found router method 'com.khubla.pragmatach.plugin.adminapp.ShowRouteCacheController:render' with route specification '/pragmatach/admin/routecache'
2013-03-31 15:30:45,994 INFO [main] c.k.p.f.c.ControllerClasses [ControllerClasses.java:56] Found router method 'com.khubla.pragmatach.plugin.adminapp.BaseAdminController:logout' with route specification 'pragmatach/admin/logout'
2013-03-31 15:30:45,994 INFO [main] c.k.p.f.c.ControllerClasses [ControllerClasses.java:56] Found router method 'com.khubla.pragmatach.plugin.adminapp.BaseAdminController:logout' with route specification 'pragmatach/admin/logout'
2013-03-31 15:30:45,995 INFO [main] c.k.p.f.c.ControllerClasses [ControllerClasses.java:56] Found router method 'com.khubla.pragmatach.plugin.adminapp.AdminController:render' with route specification '/pragmatach/admin'
2013-03-31 15:30:45,995 INFO [main] c.k.p.f.c.ControllerClasses [ControllerClasses.java:56] Found router method 'com.khubla.pragmatach.plugin.adminapp.BaseAdminController:logout' with route specification 'pragmatach/admin/logout'
2013-03-31 15:30:45,995 INFO [main] c.k.p.f.c.ControllerClasses [ControllerClasses.java:56] Found router method 'com.khubla.pragmatach.plugin.adminapp.ShowControllersController:render' with route specification '/pragmatach/admin/controllers'
2013-03-31 15:30:45,995 INFO [main] c.k.p.f.c.ControllerClasses [ControllerClasses.java:56] Found router method 'com.khubla.pragmatach.plugin.adminapp.BaseAdminController:logout' with route specification 'pragmatach/admin/logout'
2013-03-31 15:30:45,995 INFO [main] c.k.p.f.c.ControllerClasses [ControllerClasses.java:56] Found router method 'com.khubla.pragmatach.framework.controller.impl.DefaultContextRootController:render' with route specification '/*'
2013-03-31 15:30:45,996 INFO [main] c.k.p.f.c.ControllerClasses [ControllerClasses.java:56] Found router method 'com.khubla.pragmatach.plugin.adminapp.ShowI8NController:render' with route specification '/pragmatach/admin/i8n'
2013-03-31 15:30:45,996 INFO [main] c.k.p.f.c.ControllerClasses [ControllerClasses.java:56] Found router method 'com.khubla.pragmatach.plugin.adminapp.BaseAdminController:logout' with route specification 'pragmatach/admin/logout'
2013-03-31 15:30:45,996 INFO [main] c.k.p.f.c.ControllerClasses [ControllerClasses.java:56] Found router method 'com.khubla.pragmatach.plugin.adminapp.ShowJVMController:render' with route specification '/pragmatach/admin/jvm'
2013-03-31 15:30:45,996 INFO [main] c.k.p.f.c.ControllerClasses [ControllerClasses.java:56] Found router method 'com.khubla.pragmatach.plugin.adminapp.BaseAdminController:logout' with route specification 'pragmatach/admin/logout'
2013-03-31 15:30:45,997 INFO [main] c.k.p.f.c.ControllerClasses [ControllerClasses.java:56] Found router method 'com.khubla.pragmatach.plugin.adminapp.ShowApplicationController:render' with route specification '/pragmatach/admin/application'
2013-03-31 15:30:45,997 INFO [main] c.k.p.f.c.ControllerClasses [ControllerClasses.java:56] Found router method 'com.khubla.pragmatach.plugin.adminapp.BaseAdminController:logout' with route specification 'pragmatach/admin/logout'
2013-03-31 15:30:45,998 INFO [main] c.k.p.f.c.ControllerClasses [ControllerClasses.java:56] Found router method 'com.khubla.pragmatach.framework.controller.impl.StaticResourceController:render' with route specification '/public/*'
2013-03-31 15:30:45,998 INFO [main] c.k.p.f.c.ControllerClasses [ControllerClasses.java:56] Found router method 'com.khubla.pragmatach.plugin.adminapp.ShowServerController:render' with route specification '/pragmatach/admin/server'
2013-03-31 15:30:45,998 INFO [main] c.k.p.f.c.ControllerClasses [ControllerClasses.java:56] Found router method 'com.khubla.pragmatach.plugin.adminapp.BaseAdminController:logout' with route specification 'pragmatach/admin/logout'
2013-03-31 15:30:45,998 INFO [main] c.k.p.f.c.ControllerClasses [ControllerClasses.java:56] Found router method 'com.khubla.pragmatach.plugin.adminapp.ShowEnvironmentController:render' with route specification '/pragmatach/admin/environment'
2013-03-31 15:30:45,999 INFO [main] c.k.p.f.c.ControllerClasses [ControllerClasses.java:56] Found router method 'com.khubla.pragmatach.plugin.adminapp.BaseAdminController:logout' with route specification 'pragmatach/admin/logout'
2013-03-31 15:30:45,999 INFO [main] c.k.p.f.c.ControllerClasses [ControllerClasses.java:56] Found router method 'com.khubla.pragmatach.plugin.adminapp.ShowPluginsController:render' with route specification '/pragmatach/admin/plugins'
2013-03-31 15:30:45,999 INFO [main] c.k.p.f.c.ControllerClasses [ControllerClasses.java:56] Found router method 'com.khubla.pragmatach.plugin.adminapp.BaseAdminController:logout' with route specification 'pragmatach/admin/logout'
2013-03-31 15:30:45,999 INFO [main] c.k.p.f.c.ControllerClasses [ControllerClasses.java:56] Found router method 'com.khubla.pragmatach.plugin.adminapp.ShowRoutesController:render' with route specification '/pragmatach/admin/routes'
2013-03-31 15:30:46,000 INFO [main] c.k.p.f.c.ControllerClasses [ControllerClasses.java:56] Found router method 'com.khubla.pragmatach.plugin.adminapp.BaseAdminController:logout' with route specification 'pragmatach/admin/logout'
2013-03-31 15:30:46,000 INFO [main] c.k.p.f.c.ControllerClasses [ControllerClasses.java:56] Found router method 'com.khubla.pragmatach.plugin.adminapp.ShowCookiesController:render' with route specification '/pragmatach/admin/cookies'
2013-03-31 15:30:46,000 INFO [main] c.k.p.f.c.ControllerClasses [ControllerClasses.java:56] Found router method 'com.khubla.pragmatach.plugin.adminapp.ShowCookiesController:clearCookies' with route specification '/pragmatach/admin/cookies/clearCookies'
2013-03-31 15:30:46,000 INFO [main] c.k.p.f.c.ControllerClasses [ControllerClasses.java:56] Found router method 'com.khubla.pragmatach.plugin.adminapp.BaseAdminController:logout' with route specification 'pragmatach/admin/logout'
2013-03-31 15:30:46,001 INFO [main] c.k.p.f.c.ControllerClasses [ControllerClasses.java:56] Found router method 'com.khubla.pragmatach.examples.jsonexample.IndexController:render' with route specification '/'
2013-03-31 15:30:46,001 INFO [main] c.k.p.f.c.ControllerClasses [ControllerClasses.java:56] Found router method 'com.khubla.pragmatach.plugin.adminapp.AdminLoginController:render' with route specification '/pragmatach/admin/login'
2013-03-31 15:30:46,001 INFO [main] c.k.p.f.c.ControllerClasses [ControllerClasses.java:56] Found router method 'com.khubla.pragmatach.plugin.adminapp.AdminLoginController:doLogin' with route specification '/pragmatach/admin/login/doLogin'
2013-03-31 15:30:46,001 INFO [main] c.k.p.f.c.ControllerClasses [ControllerClasses.java:56] Found router method 'com.khubla.pragmatach.plugin.adminapp.BaseAdminController:logout' with route specification 'pragmatach/admin/logout'
2013-03-31 15:30:46,001 INFO [main] c.k.p.f.c.ControllerClasses [ControllerClasses.java:56] Found router method 'com.khubla.pragmatach.plugin.adminapp.ShowNetworkController:render' with route specification '/pragmatach/admin/network'
2013-03-31 15:30:46,002 INFO [main] c.k.p.f.c.ControllerClasses [ControllerClasses.java:56] Found router method 'com.khubla.pragmatach.plugin.adminapp.BaseAdminController:logout' with route specification 'pragmatach/admin/logout'
2013-03-31 15:30:46,002 INFO [main] c.k.p.f.c.ControllerClasses [ControllerClasses.java:56] Found router method 'com.khubla.pragmatach.plugin.adminapp.ShowConfigurationController:render' with route specification '/pragmatach/admin/configuration'
2013-03-31 15:30:46,002 INFO [main] c.k.p.f.c.ControllerClasses [ControllerClasses.java:56] Found router method 'com.khubla.pragmatach.plugin.adminapp.BaseAdminController:logout' with route specification 'pragmatach/admin/logout'
2013-03-31 15:30:46,168 INFO [main] c.k.p.f.p.PluginDescriptors [PluginDescriptors.java:53] Found plugin: AdminApp
2013-03-31 15:30:46,175 INFO [main] c.k.p.f.p.PluginDescriptors [PluginDescriptors.java:53] Found plugin: Framework
2013-03-31 15:30:46,179 INFO [main] c.k.p.f.p.PluginDescriptors [PluginDescriptors.java:53] Found plugin: Freemarker
2013-03-31 15:30:46,180 INFO [main] c.k.p.f.p.PluginDescriptors [PluginDescriptors.java:53] Found plugin: JSON
2013-03-31 15:30:46,236 INFO [main] c.k.p.f.l.StartupListener [StartupListener.java:117] Ordered GET routes
2013-03-31 15:30:46,236 INFO [main] c.k.p.f.l.StartupListener [StartupListener.java:119] GET /pragmatach/admin/configuration com.khubla.pragmatach.plugin.adminapp.ShowConfigurationController:render
2013-03-31 15:30:46,237 INFO [main] c.k.p.f.l.StartupListener [StartupListener.java:119] GET /pragmatach/admin/jvm com.khubla.pragmatach.plugin.adminapp.ShowJVMController:render
2013-03-31 15:30:46,237 INFO [main] c.k.p.f.l.StartupListener [StartupListener.java:119] GET /pragmatach/admin/i8n com.khubla.pragmatach.plugin.adminapp.ShowI8NController:render
2013-03-31 15:30:46,237 INFO [main] c.k.p.f.l.StartupListener [StartupListener.java:119] GET /pragmatach/admin/login com.khubla.pragmatach.plugin.adminapp.AdminLoginController:render
2013-03-31 15:30:46,237 INFO [main] c.k.p.f.l.StartupListener [StartupListener.java:119] GET /pragmatach/admin/plugins com.khubla.pragmatach.plugin.adminapp.ShowPluginsController:render
2013-03-31 15:30:46,237 INFO [main] c.k.p.f.l.StartupListener [StartupListener.java:119] GET /pragmatach/admin/network com.khubla.pragmatach.plugin.adminapp.ShowNetworkController:render
2013-03-31 15:30:46,237 INFO [main] c.k.p.f.l.StartupListener [StartupListener.java:119] GET /pragmatach/admin/controllers com.khubla.pragmatach.plugin.adminapp.ShowControllersController:render
2013-03-31 15:30:46,237 INFO [main] c.k.p.f.l.StartupListener [StartupListener.java:119] GET /pragmatach/admin/environment com.khubla.pragmatach.plugin.adminapp.ShowEnvironmentController:render
2013-03-31 15:30:46,238 INFO [main] c.k.p.f.l.StartupListener [StartupListener.java:119] GET /pragmatach/admin/routecache com.khubla.pragmatach.plugin.adminapp.ShowRouteCacheController:render
2013-03-31 15:30:46,238 INFO [main] c.k.p.f.l.StartupListener [StartupListener.java:119] GET /pragmatach/admin/server com.khubla.pragmatach.plugin.adminapp.ShowServerController:render
2013-03-31 15:30:46,238 INFO [main] c.k.p.f.l.StartupListener [StartupListener.java:119] GET /pragmatach/admin/cookies com.khubla.pragmatach.plugin.adminapp.ShowCookiesController:render
2013-03-31 15:30:46,238 INFO [main] c.k.p.f.l.StartupListener [StartupListener.java:119] GET /pragmatach/admin/application com.khubla.pragmatach.plugin.adminapp.ShowApplicationController:render
2013-03-31 15:30:46,238 INFO [main] c.k.p.f.l.StartupListener [StartupListener.java:119] GET /pragmatach/admin/routes com.khubla.pragmatach.plugin.adminapp.ShowRoutesController:render
2013-03-31 15:30:46,238 INFO [main] c.k.p.f.l.StartupListener [StartupListener.java:119] GET /pragmatach/admin com.khubla.pragmatach.plugin.adminapp.AdminController:render
2013-03-31 15:30:46,239 INFO [main] c.k.p.f.l.StartupListener [StartupListener.java:119] GET / com.khubla.pragmatach.examples.jsonexample.IndexController:render
2013-03-31 15:30:46,239 INFO [main] c.k.p.f.l.StartupListener [StartupListener.java:119] GET pragmatach/admin/logout com.khubla.pragmatach.plugin.adminapp.BaseAdminController:logout
2013-03-31 15:30:46,239 INFO [main] c.k.p.f.l.StartupListener [StartupListener.java:119] GET /public/* com.khubla.pragmatach.framework.controller.impl.StaticResourceController:render
2013-03-31 15:30:46,239 INFO [main] c.k.p.f.l.StartupListener [StartupListener.java:119] GET /* com.khubla.pragmatach.framework.controller.impl.DefaultContextRootController:render
2013-03-31 15:30:46,239 INFO [main] c.k.p.f.l.StartupListener [StartupListener.java:124] Ordered POST routes
2013-03-31 15:30:46,239 INFO [main] c.k.p.f.l.StartupListener [StartupListener.java:126] POST /pragmatach/admin/cookies/clearCookies com.khubla.pragmatach.plugin.adminapp.ShowCookiesController:clearCookies
2013-03-31 15:30:46,240 INFO [main] c.k.p.f.l.StartupListener [StartupListener.java:126] POST /pragmatach/admin/login/doLogin com.khubla.pragmatach.plugin.adminapp.AdminLoginController:doLogin
2013-03-31 15:30:46,240 INFO [main] c.k.p.f.l.StartupListener [StartupListener.java:126] POST /pragmatach/admin/routecache/clear com.khubla.pragmatach.plugin.adminapp.ShowRouteCacheController:clearCache
2013-03-31 15:30:49,286 INFO [qtp459395714-46] c.k.p.f.r.ResourceLoader [ResourceLoader.java:81] Unable to load resource '/public/favicon.ico'
2013-03-31 15:30:50,563 INFO [qtp459395714-46] c.k.p.f.r.ResourceLoader [ResourceLoader.java:81] Unable to load resource '/public/favicon.ico'
