2013-03-31 14:58:04,904 INFO [main] c.k.p.f.l.StartupListener [StartupListener.java:94] Pragmatach configuration loaded from class 'com.khubla.pragmatach.framework.configuration.PropertiesFileConfigurationImpl'
2013-03-31 14:58:05,617 INFO [main] c.k.p.f.c.ControllerClasses [ControllerClasses.java:43] Found controller 'com.khubla.pragmatach.plugin.adminapp.ShowEnvironmentController'
2013-03-31 14:58:05,617 INFO [main] c.k.p.f.c.ControllerClasses [ControllerClasses.java:43] Found controller 'com.khubla.pragmatach.framework.controller.impl.NotFoundController'
2013-03-31 14:58:05,617 INFO [main] c.k.p.f.c.ControllerClasses [ControllerClasses.java:43] Found controller 'com.khubla.pragmatach.framework.controller.impl.StaticResourceController'
2013-03-31 14:58:05,617 INFO [main] c.k.p.f.c.ControllerClasses [ControllerClasses.java:43] Found controller 'com.khubla.pragmatach.framework.controller.impl.TrivialController'
2013-03-31 14:58:05,617 INFO [main] c.k.p.f.c.ControllerClasses [ControllerClasses.java:43] Found controller 'com.khubla.pragmatach.plugin.adminapp.ShowNetworkController'
2013-03-31 14:58:05,618 INFO [main] c.k.p.f.c.ControllerClasses [ControllerClasses.java:43] Found controller 'com.khubla.pragmatach.plugin.adminapp.ShowCookiesController'
2013-03-31 14:58:05,618 INFO [main] c.k.p.f.c.ControllerClasses [ControllerClasses.java:43] Found controller 'com.khubla.pragmatach.plugin.adminapp.AdminController'
2013-03-31 14:58:05,618 INFO [main] c.k.p.f.c.ControllerClasses [ControllerClasses.java:43] Found controller 'com.khubla.pragmatach.plugin.adminapp.ShowControllersController'
2013-03-31 14:58:05,618 INFO [main] c.k.p.f.c.ControllerClasses [ControllerClasses.java:43] Found controller 'com.khubla.pragmatach.plugin.adminapp.ShowI8NController'
2013-03-31 14:58:05,618 INFO [main] c.k.p.f.c.ControllerClasses [ControllerClasses.java:43] Found controller 'com.khubla.pragmatach.plugin.adminapp.AdminUserController'
2013-03-31 14:58:05,618 INFO [main] c.k.p.f.c.ControllerClasses [ControllerClasses.java:43] Found controller 'com.khubla.pragmatach.plugin.adminapp.ShowConfigurationController'
2013-03-31 14:58:05,618 INFO [main] c.k.p.f.c.ControllerClasses [ControllerClasses.java:43] Found controller 'com.khubla.pragmatach.examples.velocityexample.IndexController'
2013-03-31 14:58:05,619 INFO [main] c.k.p.f.c.ControllerClasses [ControllerClasses.java:43] Found controller 'com.khubla.pragmatach.plugin.adminapp.ShowServerController'
2013-03-31 14:58:05,619 INFO [main] c.k.p.f.c.ControllerClasses [ControllerClasses.java:43] Found controller 'com.khubla.pragmatach.plugin.adminapp.AdminLoginController'
2013-03-31 14:58:05,619 INFO [main] c.k.p.f.c.ControllerClasses [ControllerClasses.java:43] Found controller 'com.khubla.pragmatach.plugin.adminapp.ShowPluginsController'
2013-03-31 14:58:05,619 INFO [main] c.k.p.f.c.ControllerClasses [ControllerClasses.java:43] Found controller 'com.khubla.pragmatach.plugin.adminapp.ShowRoutesController'
2013-03-31 14:58:05,619 INFO [main] c.k.p.f.c.ControllerClasses [ControllerClasses.java:43] Found controller 'com.khubla.pragmatach.framework.controller.impl.DefaultContextRootController'
2013-03-31 14:58:05,619 INFO [main] c.k.p.f.c.ControllerClasses [ControllerClasses.java:43] Found controller 'com.khubla.pragmatach.plugin.adminapp.ShowJVMController'
2013-03-31 14:58:05,620 INFO [main] c.k.p.f.c.ControllerClasses [ControllerClasses.java:43] Found controller 'com.khubla.pragmatach.plugin.adminapp.ShowApplicationController'
2013-03-31 14:58:05,620 INFO [main] c.k.p.f.c.ControllerClasses [ControllerClasses.java:43] Found controller 'com.khubla.pragmatach.framework.controller.impl.system.HttpErrorController'
2013-03-31 14:58:05,620 INFO [main] c.k.p.f.c.ControllerClasses [ControllerClasses.java:43] Found controller 'com.khubla.pragmatach.plugin.adminapp.BaseAdminController'
2013-03-31 14:58:05,620 INFO [main] c.k.p.f.c.ControllerClasses [ControllerClasses.java:43] Found controller 'com.khubla.pragmatach.plugin.adminapp.ShowRouteCacheController'
2013-03-31 14:58:05,623 INFO [main] c.k.p.f.c.ControllerClasses [ControllerClasses.java:56] Found router method 'com.khubla.pragmatach.plugin.adminapp.ShowEnvironmentController:render' with route specification '/pragmatach/admin/environment'
2013-03-31 14:58:05,623 INFO [main] c.k.p.f.c.ControllerClasses [ControllerClasses.java:56] Found router method 'com.khubla.pragmatach.plugin.adminapp.BaseAdminController:logout' with route specification 'pragmatach/admin/logout'
2013-03-31 14:58:05,624 INFO [main] c.k.p.f.c.ControllerClasses [ControllerClasses.java:56] Found router method 'com.khubla.pragmatach.framework.controller.impl.StaticResourceController:render' with route specification '/public/*'
2013-03-31 14:58:05,624 INFO [main] c.k.p.f.c.ControllerClasses [ControllerClasses.java:56] Found router method 'com.khubla.pragmatach.plugin.adminapp.ShowNetworkController:render' with route specification '/pragmatach/admin/network'
2013-03-31 14:58:05,624 INFO [main] c.k.p.f.c.ControllerClasses [ControllerClasses.java:56] Found router method 'com.khubla.pragmatach.plugin.adminapp.BaseAdminController:logout' with route specification 'pragmatach/admin/logout'
2013-03-31 14:58:05,624 INFO [main] c.k.p.f.c.ControllerClasses [ControllerClasses.java:56] Found router method 'com.khubla.pragmatach.plugin.adminapp.AdminController:render' with route specification '/pragmatach/admin'
2013-03-31 14:58:05,625 INFO [main] c.k.p.f.c.ControllerClasses [ControllerClasses.java:56] Found router method 'com.khubla.pragmatach.plugin.adminapp.BaseAdminController:logout' with route specification 'pragmatach/admin/logout'
2013-03-31 14:58:05,625 INFO [main] c.k.p.f.c.ControllerClasses [ControllerClasses.java:56] Found router method 'com.khubla.pragmatach.plugin.adminapp.ShowCookiesController:render' with route specification '/pragmatach/admin/cookies'
2013-03-31 14:58:05,625 INFO [main] c.k.p.f.c.ControllerClasses [ControllerClasses.java:56] Found router method 'com.khubla.pragmatach.plugin.adminapp.ShowCookiesController:clearCookies' with route specification '/pragmatach/admin/cookies/clearCookies'
2013-03-31 14:58:05,625 INFO [main] c.k.p.f.c.ControllerClasses [ControllerClasses.java:56] Found router method 'com.khubla.pragmatach.plugin.adminapp.BaseAdminController:logout' with route specification 'pragmatach/admin/logout'
2013-03-31 14:58:05,626 INFO [main] c.k.p.f.c.ControllerClasses [ControllerClasses.java:56] Found router method 'com.khubla.pragmatach.plugin.adminapp.ShowControllersController:render' with route specification '/pragmatach/admin/controllers'
2013-03-31 14:58:05,626 INFO [main] c.k.p.f.c.ControllerClasses [ControllerClasses.java:56] Found router method 'com.khubla.pragmatach.plugin.adminapp.BaseAdminController:logout' with route specification 'pragmatach/admin/logout'
2013-03-31 14:58:05,626 INFO [main] c.k.p.f.c.ControllerClasses [ControllerClasses.java:56] Found router method 'com.khubla.pragmatach.plugin.adminapp.ShowI8NController:render' with route specification '/pragmatach/admin/i8n'
2013-03-31 14:58:05,626 INFO [main] c.k.p.f.c.ControllerClasses [ControllerClasses.java:56] Found router method 'com.khubla.pragmatach.plugin.adminapp.BaseAdminController:logout' with route specification 'pragmatach/admin/logout'
2013-03-31 14:58:05,627 INFO [main] c.k.p.f.c.ControllerClasses [ControllerClasses.java:56] Found router method 'com.khubla.pragmatach.plugin.adminapp.ShowConfigurationController:render' with route specification '/pragmatach/admin/configuration'
2013-03-31 14:58:05,627 INFO [main] c.k.p.f.c.ControllerClasses [ControllerClasses.java:56] Found router method 'com.khubla.pragmatach.plugin.adminapp.BaseAdminController:logout' with route specification 'pragmatach/admin/logout'
2013-03-31 14:58:05,627 INFO [main] c.k.p.f.c.ControllerClasses [ControllerClasses.java:56] Found router method 'com.khubla.pragmatach.examples.velocityexample.IndexController:render' with route specification '/'
2013-03-31 14:58:05,628 INFO [main] c.k.p.f.c.ControllerClasses [ControllerClasses.java:56] Found router method 'com.khubla.pragmatach.examples.velocityexample.IndexController:render' with route specification '/@num'
2013-03-31 14:58:05,628 INFO [main] c.k.p.f.c.ControllerClasses [ControllerClasses.java:56] Found router method 'com.khubla.pragmatach.plugin.adminapp.ShowServerController:render' with route specification '/pragmatach/admin/server'
2013-03-31 14:58:05,628 INFO [main] c.k.p.f.c.ControllerClasses [ControllerClasses.java:56] Found router method 'com.khubla.pragmatach.plugin.adminapp.BaseAdminController:logout' with route specification 'pragmatach/admin/logout'
2013-03-31 14:58:05,628 INFO [main] c.k.p.f.c.ControllerClasses [ControllerClasses.java:56] Found router method 'com.khubla.pragmatach.plugin.adminapp.AdminLoginController:render' with route specification '/pragmatach/admin/login'
2013-03-31 14:58:05,629 INFO [main] c.k.p.f.c.ControllerClasses [ControllerClasses.java:56] Found router method 'com.khubla.pragmatach.plugin.adminapp.AdminLoginController:doLogin' with route specification '/pragmatach/admin/login/doLogin'
2013-03-31 14:58:05,629 INFO [main] c.k.p.f.c.ControllerClasses [ControllerClasses.java:56] Found router method 'com.khubla.pragmatach.plugin.adminapp.BaseAdminController:logout' with route specification 'pragmatach/admin/logout'
2013-03-31 14:58:05,629 INFO [main] c.k.p.f.c.ControllerClasses [ControllerClasses.java:56] Found router method 'com.khubla.pragmatach.plugin.adminapp.ShowPluginsController:render' with route specification '/pragmatach/admin/plugins'
2013-03-31 14:58:05,629 INFO [main] c.k.p.f.c.ControllerClasses [ControllerClasses.java:56] Found router method 'com.khubla.pragmatach.plugin.adminapp.BaseAdminController:logout' with route specification 'pragmatach/admin/logout'
2013-03-31 14:58:05,630 INFO [main] c.k.p.f.c.ControllerClasses [ControllerClasses.java:56] Found router method 'com.khubla.pragmatach.plugin.adminapp.ShowRoutesController:render' with route specification '/pragmatach/admin/routes'
2013-03-31 14:58:05,630 INFO [main] c.k.p.f.c.ControllerClasses [ControllerClasses.java:56] Found router method 'com.khubla.pragmatach.plugin.adminapp.BaseAdminController:logout' with route specification 'pragmatach/admin/logout'
2013-03-31 14:58:05,630 INFO [main] c.k.p.f.c.ControllerClasses [ControllerClasses.java:56] Found router method 'com.khubla.pragmatach.framework.controller.impl.DefaultContextRootController:render' with route specification '/*'
2013-03-31 14:58:05,630 INFO [main] c.k.p.f.c.ControllerClasses [ControllerClasses.java:56] Found router method 'com.khubla.pragmatach.plugin.adminapp.ShowJVMController:render' with route specification '/pragmatach/admin/jvm'
2013-03-31 14:58:05,630 INFO [main] c.k.p.f.c.ControllerClasses [ControllerClasses.java:56] Found router method 'com.khubla.pragmatach.plugin.adminapp.BaseAdminController:logout' with route specification 'pragmatach/admin/logout'
2013-03-31 14:58:05,631 INFO [main] c.k.p.f.c.ControllerClasses [ControllerClasses.java:56] Found router method 'com.khubla.pragmatach.plugin.adminapp.ShowApplicationController:render' with route specification '/pragmatach/admin/application'
2013-03-31 14:58:05,631 INFO [main] c.k.p.f.c.ControllerClasses [ControllerClasses.java:56] Found router method 'com.khubla.pragmatach.plugin.adminapp.BaseAdminController:logout' with route specification 'pragmatach/admin/logout'
2013-03-31 14:58:05,631 INFO [main] c.k.p.f.c.ControllerClasses [ControllerClasses.java:56] Found router method 'com.khubla.pragmatach.plugin.adminapp.BaseAdminController:logout' with route specification 'pragmatach/admin/logout'
2013-03-31 14:58:05,631 INFO [main] c.k.p.f.c.ControllerClasses [ControllerClasses.java:56] Found router method 'com.khubla.pragmatach.plugin.adminapp.ShowRouteCacheController:clearCache' with route specification '/pragmatach/admin/routecache/clear'
2013-03-31 14:58:05,632 INFO [main] c.k.p.f.c.ControllerClasses [ControllerClasses.java:56] Found router method 'com.khubla.pragmatach.plugin.adminapp.ShowRouteCacheController:render' with route specification '/pragmatach/admin/routecache'
2013-03-31 14:58:05,632 INFO [main] c.k.p.f.c.ControllerClasses [ControllerClasses.java:56] Found router method 'com.khubla.pragmatach.plugin.adminapp.BaseAdminController:logout' with route specification 'pragmatach/admin/logout'
2013-03-31 14:58:05,824 INFO [main] c.k.p.f.p.PluginDescriptors [PluginDescriptors.java:53] Found plugin: AdminApp
2013-03-31 14:58:05,831 INFO [main] c.k.p.f.p.PluginDescriptors [PluginDescriptors.java:53] Found plugin: Framework
2013-03-31 14:58:05,835 INFO [main] c.k.p.f.p.PluginDescriptors [PluginDescriptors.java:53] Found plugin: Freemarker
2013-03-31 14:58:05,836 INFO [main] c.k.p.f.p.PluginDescriptors [PluginDescriptors.java:53] Found plugin: Velocity
2013-03-31 14:58:05,905 INFO [main] c.k.p.f.l.StartupListener [StartupListener.java:117] Ordered GET routes
2013-03-31 14:58:05,905 INFO [main] c.k.p.f.l.StartupListener [StartupListener.java:119] GET /pragmatach/admin/configuration com.khubla.pragmatach.plugin.adminapp.ShowConfigurationController:render
2013-03-31 14:58:05,905 INFO [main] c.k.p.f.l.StartupListener [StartupListener.java:119] GET /pragmatach/admin/jvm com.khubla.pragmatach.plugin.adminapp.ShowJVMController:render
2013-03-31 14:58:05,905 INFO [main] c.k.p.f.l.StartupListener [StartupListener.java:119] GET /pragmatach/admin com.khubla.pragmatach.plugin.adminapp.AdminController:render
2013-03-31 14:58:05,905 INFO [main] c.k.p.f.l.StartupListener [StartupListener.java:119] GET / com.khubla.pragmatach.examples.velocityexample.IndexController:render
2013-03-31 14:58:05,906 INFO [main] c.k.p.f.l.StartupListener [StartupListener.java:119] GET /@num com.khubla.pragmatach.examples.velocityexample.IndexController:render
2013-03-31 14:58:05,906 INFO [main] c.k.p.f.l.StartupListener [StartupListener.java:119] GET /pragmatach/admin/i8n com.khubla.pragmatach.plugin.adminapp.ShowI8NController:render
2013-03-31 14:58:05,906 INFO [main] c.k.p.f.l.StartupListener [StartupListener.java:119] GET /pragmatach/admin/login com.khubla.pragmatach.plugin.adminapp.AdminLoginController:render
2013-03-31 14:58:05,906 INFO [main] c.k.p.f.l.StartupListener [StartupListener.java:119] GET /pragmatach/admin/plugins com.khubla.pragmatach.plugin.adminapp.ShowPluginsController:render
2013-03-31 14:58:05,906 INFO [main] c.k.p.f.l.StartupListener [StartupListener.java:119] GET /pragmatach/admin/network com.khubla.pragmatach.plugin.adminapp.ShowNetworkController:render
2013-03-31 14:58:05,906 INFO [main] c.k.p.f.l.StartupListener [StartupListener.java:119] GET /pragmatach/admin/environment com.khubla.pragmatach.plugin.adminapp.ShowEnvironmentController:render
2013-03-31 14:58:05,906 INFO [main] c.k.p.f.l.StartupListener [StartupListener.java:119] GET /pragmatach/admin/controllers com.khubla.pragmatach.plugin.adminapp.ShowControllersController:render
2013-03-31 14:58:05,907 INFO [main] c.k.p.f.l.StartupListener [StartupListener.java:119] GET /pragmatach/admin/routecache com.khubla.pragmatach.plugin.adminapp.ShowRouteCacheController:render
2013-03-31 14:58:05,907 INFO [main] c.k.p.f.l.StartupListener [StartupListener.java:119] GET /pragmatach/admin/server com.khubla.pragmatach.plugin.adminapp.ShowServerController:render
2013-03-31 14:58:05,907 INFO [main] c.k.p.f.l.StartupListener [StartupListener.java:119] GET /pragmatach/admin/application com.khubla.pragmatach.plugin.adminapp.ShowApplicationController:render
2013-03-31 14:58:05,907 INFO [main] c.k.p.f.l.StartupListener [StartupListener.java:119] GET /pragmatach/admin/cookies com.khubla.pragmatach.plugin.adminapp.ShowCookiesController:render
2013-03-31 14:58:05,907 INFO [main] c.k.p.f.l.StartupListener [StartupListener.java:119] GET /pragmatach/admin/routes com.khubla.pragmatach.plugin.adminapp.ShowRoutesController:render
2013-03-31 14:58:05,907 INFO [main] c.k.p.f.l.StartupListener [StartupListener.java:119] GET pragmatach/admin/logout com.khubla.pragmatach.plugin.adminapp.BaseAdminController:logout
2013-03-31 14:58:05,907 INFO [main] c.k.p.f.l.StartupListener [StartupListener.java:119] GET /public/* com.khubla.pragmatach.framework.controller.impl.StaticResourceController:render
2013-03-31 14:58:05,908 INFO [main] c.k.p.f.l.StartupListener [StartupListener.java:119] GET /* com.khubla.pragmatach.framework.controller.impl.DefaultContextRootController:render
2013-03-31 14:58:05,908 INFO [main] c.k.p.f.l.StartupListener [StartupListener.java:124] Ordered POST routes
2013-03-31 14:58:05,908 INFO [main] c.k.p.f.l.StartupListener [StartupListener.java:126] POST /pragmatach/admin/cookies/clearCookies com.khubla.pragmatach.plugin.adminapp.ShowCookiesController:clearCookies
2013-03-31 14:58:05,908 INFO [main] c.k.p.f.l.StartupListener [StartupListener.java:126] POST /pragmatach/admin/login/doLogin com.khubla.pragmatach.plugin.adminapp.AdminLoginController:doLogin
2013-03-31 14:58:05,908 INFO [main] c.k.p.f.l.StartupListener [StartupListener.java:126] POST /pragmatach/admin/routecache/clear com.khubla.pragmatach.plugin.adminapp.ShowRouteCacheController:clearCache
2013-03-31 14:58:16,386 INFO [qtp1738423261-45] c.k.p.f.r.Router [Router.java:271] get request for: / routed to / com.khubla.pragmatach.examples.velocityexample.IndexController:render
2013-03-31 14:58:16,755 INFO [qtp1738423261-46] c.k.p.f.r.Router [Router.java:271] get request for: /public/logo.png routed to /public/* com.khubla.pragmatach.framework.controller.impl.StaticResourceController:render
2013-03-31 14:58:21,297 INFO [qtp1738423261-48] c.k.p.f.r.Router [Router.java:271] get request for: /pragmatach/admin routed to /pragmatach/admin com.khubla.pragmatach.plugin.adminapp.AdminController:render
2013-03-31 14:58:21,345 INFO [qtp1738423261-46] c.k.p.f.r.Router [Router.java:271] get request for: /pragmatach/admin/login routed to /pragmatach/admin/login com.khubla.pragmatach.plugin.adminapp.AdminLoginController:render
2013-03-31 14:58:21,500 INFO [qtp1738423261-45] c.k.p.f.r.Router [Router.java:271] get request for: /public/pragmatach/admin/bootstrap/css/bootstrap.css routed to /public/* com.khubla.pragmatach.framework.controller.impl.StaticResourceController:render
2013-03-31 14:58:21,510 INFO [qtp1738423261-47] c.k.p.f.r.Router [Router.java:271] get request for: /public/pragmatach/admin/jquery.js routed to /public/* com.khubla.pragmatach.framework.controller.impl.StaticResourceController:render
2013-03-31 14:58:21,510 INFO [qtp1738423261-48] c.k.p.f.r.Router [Router.java:271] get request for: /public/pragmatach/admin/bootstrap/js/bootstrap.js routed to /public/* com.khubla.pragmatach.framework.controller.impl.StaticResourceController:render
2013-03-31 14:58:27,484 INFO [qtp1738423261-48] c.k.p.f.r.Router [Router.java:271] post request for: /pragmatach/admin/login/doLogin routed to /pragmatach/admin/login/doLogin com.khubla.pragmatach.plugin.adminapp.AdminLoginController:doLogin
2013-03-31 14:58:27,553 INFO [qtp1738423261-47] c.k.p.f.r.Router [Router.java:271] get request for: /pragmatach/admin/ routed to /pragmatach/admin com.khubla.pragmatach.plugin.adminapp.AdminController:render
2013-03-31 14:58:27,579 INFO [qtp1738423261-45] c.k.p.f.r.Router [Router.java:271] get request for: /public/pragmatach/admin/jquery.js routed to /public/* com.khubla.pragmatach.framework.controller.impl.StaticResourceController:render
2013-03-31 14:58:27,579 INFO [qtp1738423261-48] c.k.p.f.r.Router [Router.java:271] get request for: /public/pragmatach/admin/bootstrap/js/bootstrap.js routed to /public/* com.khubla.pragmatach.framework.controller.impl.StaticResourceController:render
2013-03-31 14:58:27,579 INFO [qtp1738423261-46] c.k.p.f.r.Router [Router.java:271] get request for: /public/pragmatach/admin/bootstrap/css/bootstrap.css routed to /public/* com.khubla.pragmatach.framework.controller.impl.StaticResourceController:render
